{"C:\\Users\\Thea\\Documents\\NetBeansProjects\\AdEditor\\AdEditorProject\\karma.conf.js":{"path":"C:\\Users\\Thea\\Documents\\NetBeansProjects\\AdEditor\\AdEditorProject\\karma.conf.js","s":{"1":1,"2":0},"b":{},"f":{"1":0},"fnMap":{"1":{"name":"(anonymous_1)","line":1,"loc":{"start":{"line":1,"column":17},"end":{"line":1,"column":34}}}},"statementMap":{"1":{"start":{"line":1,"column":0},"end":{"line":90,"column":2}},"2":{"start":{"line":2,"column":2},"end":{"line":89,"column":5}}},"branchMap":{}}}