{
"./public_html/javascript/Controllers/ComponentControllers.js":{"path":"./public_html/javascript/Controllers/ComponentControllers.js","s":{"1":1,"2":1,"3":8,"4":8,"5":8,"6":8,"7":8,"8":8,"9":8,"10":3,"11":8,"12":2,"13":8,"14":4,"15":4,"16":8,"17":4,"18":4,"19":4,"20":2,"21":1,"22":1,"23":1,"24":1,"25":1,"26":8,"27":1,"28":1,"29":1,"30":8,"31":8,"32":1,"33":8,"34":2,"35":2,"36":6,"37":2,"38":1,"39":12,"40":2,"41":0,"42":0,"43":0,"44":2,"45":2,"46":2,"47":12,"48":1,"49":1,"50":2,"51":1,"52":2,"53":0,"54":0,"55":1,"56":1,"57":8,"58":2,"59":2,"60":8,"61":8,"62":5,"63":2},"b":{"1":[1,1],"2":[0,2],"3":[0,2],"4":[5,3]},"f":{"1":8,"2":3,"3":2,"4":4,"5":4,"6":1,"7":8,"8":8,"9":2,"10":12,"11":2,"12":1,"13":8,"14":2},"fnMap":{"1":{"name":"(anonymous_1)","line":4,"loc":{"start":{"line":4,"column":32},"end":{"line":4,"column":79}}},"2":{"name":"(anonymous_2)","line":16,"loc":{"start":{"line":16,"column":25},"end":{"line":16,"column":36}}},"3":{"name":"(anonymous_3)","line":20,"loc":{"start":{"line":20,"column":32},"end":{"line":20,"column":43}}},"4":{"name":"(anonymous_4)","line":24,"loc":{"start":{"line":24,"column":24},"end":{"line":24,"column":35}}},"5":{"name":"(anonymous_5)","line":29,"loc":{"start":{"line":29,"column":42},"end":{"line":29,"column":53}}},"6":{"name":"(anonymous_6)","line":44,"loc":{"start":{"line":44,"column":35},"end":{"line":44,"column":46}}},"7":{"name":"(anonymous_7)","line":50,"loc":{"start":{"line":50,"column":35},"end":{"line":50,"column":62}}},"8":{"name":"(anonymous_8)","line":55,"loc":{"start":{"line":55,"column":31},"end":{"line":55,"column":41}}},"9":{"name":"(anonymous_9)","line":56,"loc":{"start":{"line":56,"column":11},"end":{"line":56,"column":38}}},"10":{"name":"(anonymous_10)","line":65,"loc":{"start":{"line":65,"column":41},"end":{"line":65,"column":51}}},"11":{"name":"(anonymous_11)","line":67,"loc":{"start":{"line":67,"column":42},"end":{"line":67,"column":79}}},"12":{"name":"(anonymous_12)","line":79,"loc":{"start":{"line":79,"column":11},"end":{"line":79,"column":38}}},"13":{"name":"(anonymous_13)","line":94,"loc":{"start":{"line":94,"column":44},"end":{"line":94,"column":55}}},"14":{"name":"(anonymous_14)","line":95,"loc":{"start":{"line":95,"column":11},"end":{"line":95,"column":32}}}},"statementMap":{"1":{"start":{"line":2,"column":0},"end":{"line":2,"column":82}},"2":{"start":{"line":4,"column":0},"end":{"line":48,"column":3}},"3":{"start":{"line":5,"column":5},"end":{"line":5,"column":56}},"4":{"start":{"line":7,"column":4},"end":{"line":7,"column":25}},"5":{"start":{"line":9,"column":4},"end":{"line":9,"column":69}},"6":{"start":{"line":11,"column":4},"end":{"line":11,"column":73}},"7":{"start":{"line":12,"column":4},"end":{"line":12,"column":51}},"8":{"start":{"line":13,"column":4},"end":{"line":13,"column":58}},"9":{"start":{"line":16,"column":4},"end":{"line":18,"column":6}},"10":{"start":{"line":17,"column":8},"end":{"line":17,"column":26}},"11":{"start":{"line":20,"column":4},"end":{"line":22,"column":6}},"12":{"start":{"line":21,"column":8},"end":{"line":21,"column":33}},"13":{"start":{"line":24,"column":4},"end":{"line":27,"column":6}},"14":{"start":{"line":25,"column":8},"end":{"line":25,"column":143}},"15":{"start":{"line":26,"column":8},"end":{"line":26,"column":42}},"16":{"start":{"line":29,"column":4},"end":{"line":42,"column":6}},"17":{"start":{"line":30,"column":8},"end":{"line":30,"column":59}},"18":{"start":{"line":31,"column":8},"end":{"line":31,"column":46}},"19":{"start":{"line":32,"column":8},"end":{"line":41,"column":9}},"20":{"start":{"line":33,"column":12},"end":{"line":40,"column":13}},"21":{"start":{"line":34,"column":16},"end":{"line":34,"column":91}},"22":{"start":{"line":35,"column":16},"end":{"line":35,"column":33}},"23":{"start":{"line":37,"column":16},"end":{"line":37,"column":43}},"24":{"start":{"line":38,"column":16},"end":{"line":38,"column":105}},"25":{"start":{"line":39,"column":16},"end":{"line":39,"column":22}},"26":{"start":{"line":44,"column":4},"end":{"line":47,"column":6}},"27":{"start":{"line":45,"column":8},"end":{"line":45,"column":25}},"28":{"start":{"line":46,"column":8},"end":{"line":46,"column":32}},"29":{"start":{"line":50,"column":0},"end":{"line":53,"column":3}},"30":{"start":{"line":51,"column":4},"end":{"line":51,"column":76}},"31":{"start":{"line":52,"column":4},"end":{"line":52,"column":70}},"32":{"start":{"line":55,"column":0},"end":{"line":63,"column":3}},"33":{"start":{"line":56,"column":4},"end":{"line":62,"column":6}},"34":{"start":{"line":57,"column":8},"end":{"line":57,"column":26}},"35":{"start":{"line":58,"column":8},"end":{"line":60,"column":9}},"36":{"start":{"line":59,"column":12},"end":{"line":59,"column":47}},"37":{"start":{"line":61,"column":8},"end":{"line":61,"column":24}},"38":{"start":{"line":65,"column":0},"end":{"line":92,"column":3}},"39":{"start":{"line":67,"column":4},"end":{"line":77,"column":6}},"40":{"start":{"line":68,"column":8},"end":{"line":75,"column":9}},"41":{"start":{"line":69,"column":12},"end":{"line":69,"column":53}},"42":{"start":{"line":70,"column":12},"end":{"line":70,"column":87}},"43":{"start":{"line":71,"column":12},"end":{"line":71,"column":49}},"44":{"start":{"line":73,"column":12},"end":{"line":73,"column":66}},"45":{"start":{"line":74,"column":12},"end":{"line":74,"column":41}},"46":{"start":{"line":76,"column":8},"end":{"line":76,"column":24}},"47":{"start":{"line":79,"column":4},"end":{"line":91,"column":6}},"48":{"start":{"line":80,"column":8},"end":{"line":80,"column":26}},"49":{"start":{"line":81,"column":8},"end":{"line":83,"column":9}},"50":{"start":{"line":82,"column":12},"end":{"line":82,"column":87}},"51":{"start":{"line":84,"column":8},"end":{"line":89,"column":9}},"52":{"start":{"line":85,"column":12},"end":{"line":88,"column":13}},"53":{"start":{"line":86,"column":16},"end":{"line":86,"column":38}},"54":{"start":{"line":87,"column":16},"end":{"line":87,"column":20}},"55":{"start":{"line":90,"column":8},"end":{"line":90,"column":24}},"56":{"start":{"line":94,"column":0},"end":{"line":105,"column":3}},"57":{"start":{"line":95,"column":4},"end":{"line":104,"column":6}},"58":{"start":{"line":96,"column":8},"end":{"line":96,"column":26}},"59":{"start":{"line":97,"column":8},"end":{"line":102,"column":9}},"60":{"start":{"line":98,"column":12},"end":{"line":98,"column":44}},"61":{"start":{"line":99,"column":12},"end":{"line":101,"column":13}},"62":{"start":{"line":100,"column":16},"end":{"line":100,"column":42}},"63":{"start":{"line":103,"column":8},"end":{"line":103,"column":24}}},"branchMap":{"1":{"line":33,"type":"if","locations":[{"start":{"line":33,"column":12},"end":{"line":33,"column":12}},{"start":{"line":33,"column":12},"end":{"line":33,"column":12}}]},"2":{"line":68,"type":"if","locations":[{"start":{"line":68,"column":8},"end":{"line":68,"column":8}},{"start":{"line":68,"column":8},"end":{"line":68,"column":8}}]},"3":{"line":85,"type":"if","locations":[{"start":{"line":85,"column":12},"end":{"line":85,"column":12}},{"start":{"line":85,"column":12},"end":{"line":85,"column":12}}]},"4":{"line":99,"type":"if","locations":[{"start":{"line":99,"column":12},"end":{"line":99,"column":12}},{"start":{"line":99,"column":12},"end":{"line":99,"column":12}}]}},"l":{"2":1,"4":1,"5":8,"7":8,"9":8,"11":8,"12":8,"13":8,"16":8,"17":3,"20":8,"21":2,"24":8,"25":4,"26":4,"29":8,"30":4,"31":4,"32":4,"33":2,"34":1,"35":1,"37":1,"38":1,"39":1,"44":8,"45":1,"46":1,"50":1,"51":8,"52":8,"55":1,"56":8,"57":2,"58":2,"59":6,"61":2,"65":1,"67":12,"68":2,"69":0,"70":0,"71":0,"73":2,"74":2,"76":2,"79":12,"80":1,"81":1,"82":2,"84":1,"85":2,"86":0,"87":0,"90":1,"94":1,"95":8,"96":2,"97":2,"98":8,"99":8,"100":5,"103":2}},
"./public_html/javascript/Controllers/ImageAndPDFController.js":{"path":"./public_html/javascript/Controllers/ImageAndPDFController.js","s":{"1":1,"2":1,"3":1,"4":0,"5":0},"b":{},"f":{"1":1,"2":0},"fnMap":{"1":{"name":"(anonymous_1)","line":4,"loc":{"start":{"line":4,"column":33},"end":{"line":4,"column":80}}},"2":{"name":"(anonymous_2)","line":5,"loc":{"start":{"line":5,"column":21},"end":{"line":5,"column":31}}}},"statementMap":{"1":{"start":{"line":2,"column":0},"end":{"line":2,"column":93}},"2":{"start":{"line":4,"column":0},"end":{"line":9,"column":3}},"3":{"start":{"line":5,"column":4},"end":{"line":8,"column":6}},"4":{"start":{"line":6,"column":8},"end":{"line":6,"column":39}},"5":{"start":{"line":7,"column":8},"end":{"line":7,"column":37}}},"branchMap":{},"l":{"2":1,"4":1,"5":1,"6":0,"7":0}},
"./public_html/javascript/Controllers/LoadController.js":{"path":"./public_html/javascript/Controllers/LoadController.js","s":{"1":1,"2":1,"3":1,"4":1,"5":0,"6":0,"7":1,"8":0,"9":0,"10":0,"11":0,"12":0,"13":0,"14":0},"b":{"1":[0,0]},"f":{"1":1,"2":0,"3":0,"4":0,"5":0,"6":0,"7":0},"fnMap":{"1":{"name":"(anonymous_1)","line":4,"loc":{"start":{"line":4,"column":32},"end":{"line":4,"column":57}}},"2":{"name":"(anonymous_2)","line":7,"loc":{"start":{"line":7,"column":20},"end":{"line":7,"column":30}}},"3":{"name":"(anonymous_3)","line":15,"loc":{"start":{"line":15,"column":27},"end":{"line":15,"column":39}}},"4":{"name":"(anonymous_4)","line":20,"loc":{"start":{"line":20,"column":14},"end":{"line":20,"column":52}}},"5":{"name":"(anonymous_5)","line":21,"loc":{"start":{"line":21,"column":35},"end":{"line":21,"column":58}}},"6":{"name":"(anonymous_6)","line":23,"loc":{"start":{"line":23,"column":32},"end":{"line":23,"column":53}}},"7":{"name":"(anonymous_7)","line":24,"loc":{"start":{"line":24,"column":33},"end":{"line":24,"column":45}}}},"statementMap":{"1":{"start":{"line":2,"column":0},"end":{"line":2,"column":63}},"2":{"start":{"line":4,"column":0},"end":{"line":12,"column":3}},"3":{"start":{"line":5,"column":4},"end":{"line":5,"column":21}},"4":{"start":{"line":7,"column":4},"end":{"line":11,"column":6}},"5":{"start":{"line":8,"column":8},"end":{"line":10,"column":9}},"6":{"start":{"line":9,"column":12},"end":{"line":9,"column":72}},"7":{"start":{"line":15,"column":0},"end":{"line":32,"column":4}},"8":{"start":{"line":16,"column":4},"end":{"line":31,"column":6}},"9":{"start":{"line":21,"column":12},"end":{"line":29,"column":15}},"10":{"start":{"line":22,"column":16},"end":{"line":22,"column":46}},"11":{"start":{"line":23,"column":16},"end":{"line":27,"column":18}},"12":{"start":{"line":24,"column":20},"end":{"line":26,"column":23}},"13":{"start":{"line":25,"column":24},"end":{"line":25,"column":65}},"14":{"start":{"line":28,"column":16},"end":{"line":28,"column":71}}},"branchMap":{"1":{"line":8,"type":"if","locations":[{"start":{"line":8,"column":8},"end":{"line":8,"column":8}},{"start":{"line":8,"column":8},"end":{"line":8,"column":8}}]}},"l":{"2":1,"4":1,"5":1,"7":1,"8":0,"9":0,"15":1,"16":0,"21":0,"22":0,"23":0,"24":0,"25":0,"28":0}},
"./public_html/javascript/Controllers/SaveController.js":{"path":"./public_html/javascript/Controllers/SaveController.js","s":{"1":1,"2":1,"3":0,"4":0,"5":0,"6":0,"7":0,"8":0,"9":0,"10":0,"11":0,"12":0,"13":0,"14":0,"15":0,"16":0,"17":0,"18":0,"19":0,"20":0,"21":0,"22":0,"23":0,"24":0,"25":0,"26":0,"27":0,"28":0,"29":0,"30":0,"31":0,"32":0,"33":0,"34":0},"b":{"1":[0,0],"2":[0,0]},"f":{"1":0,"2":0,"3":0,"4":0,"5":0,"6":0},"fnMap":{"1":{"name":"(anonymous_1)","line":4,"loc":{"start":{"line":4,"column":32},"end":{"line":4,"column":130}}},"2":{"name":"(anonymous_2)","line":5,"loc":{"start":{"line":5,"column":14},"end":{"line":5,"column":24}}},"3":{"name":"(anonymous_3)","line":17,"loc":{"start":{"line":17,"column":23},"end":{"line":17,"column":33}}},"4":{"name":"(anonymous_4)","line":21,"loc":{"start":{"line":21,"column":35},"end":{"line":21,"column":45}}},"5":{"name":"(anonymous_5)","line":27,"loc":{"start":{"line":27,"column":27},"end":{"line":27,"column":52}}},"6":{"name":"(anonymous_6)","line":36,"loc":{"start":{"line":36,"column":27},"end":{"line":36,"column":55}}}},"statementMap":{"1":{"start":{"line":2,"column":0},"end":{"line":2,"column":46}},"2":{"start":{"line":4,"column":0},"end":{"line":50,"column":3}},"3":{"start":{"line":5,"column":4},"end":{"line":15,"column":6}},"4":{"start":{"line":6,"column":8},"end":{"line":14,"column":9}},"5":{"start":{"line":7,"column":12},"end":{"line":7,"column":101}},"6":{"start":{"line":8,"column":12},"end":{"line":8,"column":64}},"7":{"start":{"line":9,"column":12},"end":{"line":9,"column":68}},"8":{"start":{"line":10,"column":12},"end":{"line":10,"column":81}},"9":{"start":{"line":11,"column":12},"end":{"line":11,"column":140}},"10":{"start":{"line":12,"column":12},"end":{"line":12,"column":50}},"11":{"start":{"line":13,"column":12},"end":{"line":13,"column":31}},"12":{"start":{"line":17,"column":4},"end":{"line":19,"column":6}},"13":{"start":{"line":18,"column":8},"end":{"line":18,"column":87}},"14":{"start":{"line":21,"column":4},"end":{"line":25,"column":6}},"15":{"start":{"line":22,"column":8},"end":{"line":22,"column":143}},"16":{"start":{"line":23,"column":8},"end":{"line":23,"column":45}},"17":{"start":{"line":24,"column":8},"end":{"line":24,"column":34}},"18":{"start":{"line":27,"column":4},"end":{"line":34,"column":6}},"19":{"start":{"line":28,"column":8},"end":{"line":33,"column":9}},"20":{"start":{"line":29,"column":12},"end":{"line":32,"column":13}},"21":{"start":{"line":30,"column":16},"end":{"line":30,"column":96}},"22":{"start":{"line":31,"column":16},"end":{"line":31,"column":108}},"23":{"start":{"line":36,"column":4},"end":{"line":49,"column":6}},"24":{"start":{"line":37,"column":8},"end":{"line":37,"column":39}},"25":{"start":{"line":38,"column":8},"end":{"line":38,"column":56}},"26":{"start":{"line":39,"column":8},"end":{"line":47,"column":9}},"27":{"start":{"line":40,"column":12},"end":{"line":40,"column":39}},"28":{"start":{"line":41,"column":12},"end":{"line":41,"column":26}},"29":{"start":{"line":42,"column":12},"end":{"line":42,"column":37}},"30":{"start":{"line":43,"column":12},"end":{"line":43,"column":83}},"31":{"start":{"line":44,"column":12},"end":{"line":44,"column":83}},"32":{"start":{"line":45,"column":12},"end":{"line":45,"column":46}},"33":{"start":{"line":46,"column":12},"end":{"line":46,"column":36}},"34":{"start":{"line":48,"column":8},"end":{"line":48,"column":28}}},"branchMap":{"1":{"line":6,"type":"if","locations":[{"start":{"line":6,"column":8},"end":{"line":6,"column":8}},{"start":{"line":6,"column":8},"end":{"line":6,"column":8}}]},"2":{"line":29,"type":"if","locations":[{"start":{"line":29,"column":12},"end":{"line":29,"column":12}},{"start":{"line":29,"column":12},"end":{"line":29,"column":12}}]}},"l":{"2":1,"4":1,"5":0,"6":0,"7":0,"8":0,"9":0,"10":0,"11":0,"12":0,"13":0,"17":0,"18":0,"21":0,"22":0,"23":0,"24":0,"27":0,"28":0,"29":0,"30":0,"31":0,"36":0,"37":0,"38":0,"39":0,"40":0,"41":0,"42":0,"43":0,"44":0,"45":0,"46":0,"48":0}},
"./public_html/javascript/Directives/ContextMenuDirective.js":{"path":"./public_html/javascript/Directives/ContextMenuDirective.js","s":{"1":1,"2":1,"3":0},"b":{},"f":{"1":0},"fnMap":{"1":{"name":"(anonymous_1)","line":4,"loc":{"start":{"line":4,"column":28},"end":{"line":4,"column":38}}}},"statementMap":{"1":{"start":{"line":2,"column":0},"end":{"line":2,"column":52}},"2":{"start":{"line":4,"column":0},"end":{"line":9,"column":3}},"3":{"start":{"line":5,"column":4},"end":{"line":8,"column":6}}},"branchMap":{},"l":{"2":1,"4":1,"5":0}},
"./public_html/javascript/Directives/CreateRulesDirective.js":{"path":"./public_html/javascript/Directives/CreateRulesDirective.js","s":{"1":1,"2":1,"3":0,"4":1,"5":3,"6":3,"7":3,"8":3,"9":3,"10":3,"11":3,"12":3,"13":3,"14":3,"15":1,"16":1,"17":1,"18":1,"19":1,"20":1,"21":3,"22":3,"23":3,"24":3,"25":0,"26":3,"27":0,"28":0,"29":0,"30":0,"31":0,"32":0,"33":0,"34":0,"35":3,"36":3,"37":3,"38":0},"b":{"1":[1,1,1],"2":[0,0]},"f":{"1":0,"2":3,"3":3,"4":3,"5":0,"6":0,"7":0},"fnMap":{"1":{"name":"(anonymous_1)","line":3,"loc":{"start":{"line":3,"column":32},"end":{"line":3,"column":43}}},"2":{"name":"(anonymous_2)","line":12,"loc":{"start":{"line":12,"column":44},"end":{"line":12,"column":92}}},"3":{"name":"(anonymous_3)","line":24,"loc":{"start":{"line":24,"column":26},"end":{"line":24,"column":36}}},"4":{"name":"(anonymous_4)","line":38,"loc":{"start":{"line":38,"column":48},"end":{"line":38,"column":82}}},"5":{"name":"(anonymous_5)","line":43,"loc":{"start":{"line":43,"column":22},"end":{"line":43,"column":32}}},"6":{"name":"(anonymous_6)","line":47,"loc":{"start":{"line":47,"column":22},"end":{"line":47,"column":33}}},"7":{"name":"(anonymous_7)","line":64,"loc":{"start":{"line":64,"column":34},"end":{"line":64,"column":44}}}},"statementMap":{"1":{"start":{"line":1,"column":0},"end":{"line":1,"column":92}},"2":{"start":{"line":3,"column":0},"end":{"line":10,"column":3}},"3":{"start":{"line":4,"column":4},"end":{"line":9,"column":6}},"4":{"start":{"line":12,"column":0},"end":{"line":67,"column":3}},"5":{"start":{"line":13,"column":4},"end":{"line":13,"column":56}},"6":{"start":{"line":14,"column":4},"end":{"line":14,"column":39}},"7":{"start":{"line":16,"column":4},"end":{"line":16,"column":66}},"8":{"start":{"line":17,"column":4},"end":{"line":17,"column":41}},"9":{"start":{"line":18,"column":4},"end":{"line":18,"column":41}},"10":{"start":{"line":19,"column":4},"end":{"line":19,"column":20}},"11":{"start":{"line":21,"column":4},"end":{"line":21,"column":37}},"12":{"start":{"line":22,"column":4},"end":{"line":22,"column":27}},"13":{"start":{"line":24,"column":4},"end":{"line":36,"column":6}},"14":{"start":{"line":25,"column":8},"end":{"line":35,"column":9}},"15":{"start":{"line":27,"column":16},"end":{"line":27,"column":71}},"16":{"start":{"line":28,"column":16},"end":{"line":28,"column":22}},"17":{"start":{"line":30,"column":16},"end":{"line":30,"column":71}},"18":{"start":{"line":31,"column":16},"end":{"line":31,"column":22}},"19":{"start":{"line":33,"column":16},"end":{"line":33,"column":72}},"20":{"start":{"line":34,"column":16},"end":{"line":34,"column":22}},"21":{"start":{"line":38,"column":4},"end":{"line":41,"column":6}},"22":{"start":{"line":39,"column":8},"end":{"line":39,"column":51}},"23":{"start":{"line":40,"column":8},"end":{"line":40,"column":33}},"24":{"start":{"line":43,"column":4},"end":{"line":45,"column":6}},"25":{"start":{"line":44,"column":8},"end":{"line":44,"column":101}},"26":{"start":{"line":47,"column":4},"end":{"line":58,"column":6}},"27":{"start":{"line":48,"column":8},"end":{"line":48,"column":53}},"28":{"start":{"line":49,"column":8},"end":{"line":57,"column":9}},"29":{"start":{"line":50,"column":12},"end":{"line":50,"column":37}},"30":{"start":{"line":51,"column":12},"end":{"line":51,"column":52}},"31":{"start":{"line":52,"column":12},"end":{"line":52,"column":71}},"32":{"start":{"line":53,"column":12},"end":{"line":55,"column":13}},"33":{"start":{"line":54,"column":16},"end":{"line":54,"column":75}},"34":{"start":{"line":56,"column":12},"end":{"line":56,"column":89}},"35":{"start":{"line":61,"column":4},"end":{"line":61,"column":50}},"36":{"start":{"line":62,"column":4},"end":{"line":62,"column":25}},"37":{"start":{"line":64,"column":4},"end":{"line":66,"column":6}},"38":{"start":{"line":65,"column":8},"end":{"line":65,"column":118}}},"branchMap":{"1":{"line":25,"type":"switch","locations":[{"start":{"line":26,"column":12},"end":{"line":28,"column":22}},{"start":{"line":29,"column":12},"end":{"line":31,"column":22}},{"start":{"line":32,"column":12},"end":{"line":34,"column":22}}]},"2":{"line":53,"type":"if","locations":[{"start":{"line":53,"column":12},"end":{"line":53,"column":12}},{"start":{"line":53,"column":12},"end":{"line":53,"column":12}}]}},"l":{"1":1,"3":1,"4":0,"12":1,"13":3,"14":3,"16":3,"17":3,"18":3,"19":3,"21":3,"22":3,"24":3,"25":3,"27":1,"28":1,"30":1,"31":1,"33":1,"34":1,"38":3,"39":3,"40":3,"43":3,"44":0,"47":3,"48":0,"49":0,"50":0,"51":0,"52":0,"53":0,"54":0,"56":0,"61":3,"62":3,"64":3,"65":0}},
"./public_html/javascript/Directives/EditComponentsDirective.js":{"path":"./public_html/javascript/Directives/EditComponentsDirective.js","s":{"1":1,"2":1,"3":0,"4":1,"5":2,"6":2,"7":2,"8":2,"9":2,"10":1,"11":1,"12":2,"13":0,"14":0,"15":0,"16":0,"17":0,"18":0,"19":0,"20":2,"21":0,"22":0,"23":2,"24":0,"25":0,"26":2,"27":0,"28":0,"29":0,"30":2,"31":0,"32":1,"33":0,"34":0,"35":0,"36":0,"37":0,"38":0},"b":{"1":[1,1],"2":[0,0],"3":[0,0],"4":[0,0],"5":[0,0,0,0],"6":[0,0],"7":[0,0],"8":[0,0]},"f":{"1":0,"2":2,"3":2,"4":0,"5":0,"6":0,"7":0,"8":0,"9":0,"10":0,"11":0,"12":0},"fnMap":{"1":{"name":"(anonymous_1)","line":4,"loc":{"start":{"line":4,"column":32},"end":{"line":4,"column":42}}},"2":{"name":"(anonymous_2)","line":14,"loc":{"start":{"line":14,"column":34},"end":{"line":14,"column":89}}},"3":{"name":"(anonymous_3)","line":19,"loc":{"start":{"line":19,"column":33},"end":{"line":19,"column":53}}},"4":{"name":"(anonymous_4)","line":27,"loc":{"start":{"line":27,"column":20},"end":{"line":27,"column":42}}},"5":{"name":"(anonymous_5)","line":41,"loc":{"start":{"line":41,"column":18},"end":{"line":41,"column":29}}},"6":{"name":"(anonymous_6)","line":45,"loc":{"start":{"line":45,"column":19},"end":{"line":45,"column":30}}},"7":{"name":"(anonymous_7)","line":51,"loc":{"start":{"line":51,"column":31},"end":{"line":51,"column":71}}},"8":{"name":"(anonymous_8)","line":58,"loc":{"start":{"line":58,"column":30},"end":{"line":58,"column":53}}},"9":{"name":"(anonymous_9)","line":63,"loc":{"start":{"line":63,"column":30},"end":{"line":63,"column":47}}},"10":{"name":"(anonymous_10)","line":64,"loc":{"start":{"line":64,"column":11},"end":{"line":64,"column":43}}},"11":{"name":"(anonymous_11)","line":66,"loc":{"start":{"line":66,"column":36},"end":{"line":66,"column":52}}},"12":{"name":"(anonymous_12)","line":67,"loc":{"start":{"line":67,"column":25},"end":{"line":67,"column":36}}}},"statementMap":{"1":{"start":{"line":2,"column":0},"end":{"line":2,"column":130}},"2":{"start":{"line":4,"column":0},"end":{"line":12,"column":3}},"3":{"start":{"line":5,"column":4},"end":{"line":11,"column":6}},"4":{"start":{"line":14,"column":0},"end":{"line":61,"column":3}},"5":{"start":{"line":15,"column":4},"end":{"line":15,"column":40}},"6":{"start":{"line":16,"column":4},"end":{"line":16,"column":48}},"7":{"start":{"line":17,"column":4},"end":{"line":17,"column":44}},"8":{"start":{"line":19,"column":4},"end":{"line":25,"column":6}},"9":{"start":{"line":20,"column":8},"end":{"line":24,"column":9}},"10":{"start":{"line":21,"column":12},"end":{"line":21,"column":60}},"11":{"start":{"line":23,"column":12},"end":{"line":23,"column":57}},"12":{"start":{"line":27,"column":4},"end":{"line":39,"column":6}},"13":{"start":{"line":28,"column":8},"end":{"line":38,"column":9}},"14":{"start":{"line":29,"column":12},"end":{"line":32,"column":13}},"15":{"start":{"line":31,"column":16},"end":{"line":31,"column":40}},"16":{"start":{"line":33,"column":14},"end":{"line":38,"column":9}},"17":{"start":{"line":34,"column":12},"end":{"line":34,"column":36}},"18":{"start":{"line":36,"column":12},"end":{"line":36,"column":33}},"19":{"start":{"line":37,"column":12},"end":{"line":37,"column":34}},"20":{"start":{"line":41,"column":4},"end":{"line":44,"column":6}},"21":{"start":{"line":42,"column":8},"end":{"line":42,"column":28}},"22":{"start":{"line":43,"column":8},"end":{"line":43,"column":24}},"23":{"start":{"line":45,"column":4},"end":{"line":48,"column":6}},"24":{"start":{"line":46,"column":8},"end":{"line":46,"column":29}},"25":{"start":{"line":47,"column":8},"end":{"line":47,"column":25}},"26":{"start":{"line":51,"column":4},"end":{"line":56,"column":6}},"27":{"start":{"line":52,"column":8},"end":{"line":54,"column":9}},"28":{"start":{"line":53,"column":12},"end":{"line":53,"column":24}},"29":{"start":{"line":55,"column":8},"end":{"line":55,"column":21}},"30":{"start":{"line":58,"column":4},"end":{"line":60,"column":6}},"31":{"start":{"line":59,"column":8},"end":{"line":59,"column":33}},"32":{"start":{"line":63,"column":0},"end":{"line":73,"column":3}},"33":{"start":{"line":64,"column":4},"end":{"line":72,"column":6}},"34":{"start":{"line":65,"column":8},"end":{"line":65,"column":44}},"35":{"start":{"line":66,"column":8},"end":{"line":71,"column":11}},"36":{"start":{"line":67,"column":12},"end":{"line":70,"column":15}},"37":{"start":{"line":68,"column":16},"end":{"line":68,"column":39}},"38":{"start":{"line":69,"column":16},"end":{"line":69,"column":42}}},"branchMap":{"1":{"line":20,"type":"if","locations":[{"start":{"line":20,"column":8},"end":{"line":20,"column":8}},{"start":{"line":20,"column":8},"end":{"line":20,"column":8}}]},"2":{"line":28,"type":"if","locations":[{"start":{"line":28,"column":8},"end":{"line":28,"column":8}},{"start":{"line":28,"column":8},"end":{"line":28,"column":8}}]},"3":{"line":28,"type":"binary-expr","locations":[{"start":{"line":28,"column":11},"end":{"line":28,"column":28}},{"start":{"line":28,"column":32},"end":{"line":28,"column":65}}]},"4":{"line":29,"type":"if","locations":[{"start":{"line":29,"column":12},"end":{"line":29,"column":12}},{"start":{"line":29,"column":12},"end":{"line":29,"column":12}}]},"5":{"line":29,"type":"binary-expr","locations":[{"start":{"line":29,"column":17},"end":{"line":29,"column":40}},{"start":{"line":29,"column":44},"end":{"line":29,"column":66}},{"start":{"line":30,"column":15},"end":{"line":30,"column":42}},{"start":{"line":30,"column":46},"end":{"line":30,"column":72}}]},"6":{"line":33,"type":"if","locations":[{"start":{"line":33,"column":14},"end":{"line":33,"column":14}},{"start":{"line":33,"column":14},"end":{"line":33,"column":14}}]},"7":{"line":33,"type":"binary-expr","locations":[{"start":{"line":33,"column":17},"end":{"line":33,"column":34}},{"start":{"line":33,"column":38},"end":{"line":33,"column":72}}]},"8":{"line":52,"type":"if","locations":[{"start":{"line":52,"column":8},"end":{"line":52,"column":8}},{"start":{"line":52,"column":8},"end":{"line":52,"column":8}}]}},"l":{"2":1,"4":1,"5":0,"14":1,"15":2,"16":2,"17":2,"19":2,"20":2,"21":1,"23":1,"27":2,"28":0,"29":0,"31":0,"33":0,"34":0,"36":0,"37":0,"41":2,"42":0,"43":0,"45":2,"46":0,"47":0,"51":2,"52":0,"53":0,"55":0,"58":2,"59":0,"63":1,"64":0,"65":0,"66":0,"67":0,"68":0,"69":0}},
"./public_html/javascript/Directives/PreviewComponentsDirective.js":{"path":"./public_html/javascript/Directives/PreviewComponentsDirective.js","s":{"1":1,"2":1,"3":0,"4":1,"5":0,"6":0,"7":0,"8":0,"9":0,"10":1,"11":0,"12":0,"13":0,"14":0,"15":0,"16":0},"b":{"1":[0,0],"2":[0,0],"3":[0,0]},"f":{"1":0,"2":0,"3":0,"4":0,"5":0},"fnMap":{"1":{"name":"(anonymous_1)","line":4,"loc":{"start":{"line":4,"column":34},"end":{"line":4,"column":44}}},"2":{"name":"(anonymous_2)","line":13,"loc":{"start":{"line":13,"column":40},"end":{"line":13,"column":70}}},"3":{"name":"(anonymous_3)","line":15,"loc":{"start":{"line":15,"column":31},"end":{"line":15,"column":71}}},"4":{"name":"(anonymous_4)","line":23,"loc":{"start":{"line":23,"column":25},"end":{"line":23,"column":35}}},"5":{"name":"(anonymous_5)","line":24,"loc":{"start":{"line":24,"column":9},"end":{"line":24,"column":25}}}},"statementMap":{"1":{"start":{"line":2,"column":0},"end":{"line":2,"column":88}},"2":{"start":{"line":4,"column":0},"end":{"line":11,"column":3}},"3":{"start":{"line":5,"column":4},"end":{"line":10,"column":6}},"4":{"start":{"line":13,"column":0},"end":{"line":21,"column":3}},"5":{"start":{"line":14,"column":4},"end":{"line":14,"column":46}},"6":{"start":{"line":15,"column":4},"end":{"line":20,"column":6}},"7":{"start":{"line":16,"column":8},"end":{"line":18,"column":9}},"8":{"start":{"line":17,"column":12},"end":{"line":17,"column":24}},"9":{"start":{"line":19,"column":8},"end":{"line":19,"column":21}},"10":{"start":{"line":23,"column":0},"end":{"line":35,"column":3}},"11":{"start":{"line":24,"column":2},"end":{"line":34,"column":4}},"12":{"start":{"line":25,"column":4},"end":{"line":25,"column":28}},"13":{"start":{"line":25,"column":15},"end":{"line":25,"column":28}},"14":{"start":{"line":26,"column":4},"end":{"line":33,"column":5}},"15":{"start":{"line":27,"column":8},"end":{"line":31,"column":31}},"16":{"start":{"line":32,"column":6},"end":{"line":32,"column":20}}},"branchMap":{"1":{"line":16,"type":"if","locations":[{"start":{"line":16,"column":8},"end":{"line":16,"column":8}},{"start":{"line":16,"column":8},"end":{"line":16,"column":8}}]},"2":{"line":25,"type":"if","locations":[{"start":{"line":25,"column":4},"end":{"line":25,"column":4}},{"start":{"line":25,"column":4},"end":{"line":25,"column":4}}]},"3":{"line":26,"type":"if","locations":[{"start":{"line":26,"column":4},"end":{"line":26,"column":4}},{"start":{"line":26,"column":4},"end":{"line":26,"column":4}}]}},"l":{"2":1,"4":1,"5":0,"13":1,"14":0,"15":0,"16":0,"17":0,"19":0,"23":1,"24":0,"25":0,"26":0,"27":0,"32":0}},
"./public_html/javascript/Directives/PreviewRulesTabViewDirective.js":{"path":"./public_html/javascript/Directives/PreviewRulesTabViewDirective.js","s":{"1":1,"2":1,"3":0,"4":1,"5":0,"6":0,"7":0,"8":0,"9":0},"b":{},"f":{"1":0,"2":0,"3":0,"4":0},"fnMap":{"1":{"name":"(anonymous_1)","line":4,"loc":{"start":{"line":4,"column":36},"end":{"line":4,"column":46}}},"2":{"name":"(anonymous_2)","line":13,"loc":{"start":{"line":13,"column":34},"end":{"line":13,"column":45}}},"3":{"name":"(anonymous_3)","line":15,"loc":{"start":{"line":15,"column":21},"end":{"line":15,"column":38}}},"4":{"name":"(anonymous_4)","line":18,"loc":{"start":{"line":18,"column":22},"end":{"line":18,"column":41}}}},"statementMap":{"1":{"start":{"line":2,"column":0},"end":{"line":2,"column":61}},"2":{"start":{"line":4,"column":0},"end":{"line":11,"column":3}},"3":{"start":{"line":5,"column":4},"end":{"line":10,"column":6}},"4":{"start":{"line":13,"column":0},"end":{"line":21,"column":3}},"5":{"start":{"line":14,"column":4},"end":{"line":14,"column":17}},"6":{"start":{"line":15,"column":4},"end":{"line":17,"column":6}},"7":{"start":{"line":16,"column":8},"end":{"line":16,"column":26}},"8":{"start":{"line":18,"column":4},"end":{"line":20,"column":6}},"9":{"start":{"line":19,"column":8},"end":{"line":19,"column":37}}},"branchMap":{},"l":{"2":1,"4":1,"5":0,"13":1,"14":0,"15":0,"16":0,"18":0,"19":0}},
"./public_html/javascript/Directives/RuleListDirective.js":{"path":"./public_html/javascript/Directives/RuleListDirective.js","s":{"1":1,"2":1,"3":0,"4":1,"5":0},"b":{},"f":{"1":0,"2":0},"fnMap":{"1":{"name":"(anonymous_1)","line":3,"loc":{"start":{"line":3,"column":25},"end":{"line":3,"column":36}}},"2":{"name":"(anonymous_2)","line":12,"loc":{"start":{"line":12,"column":37},"end":{"line":12,"column":66}}}},"statementMap":{"1":{"start":{"line":1,"column":0},"end":{"line":1,"column":49}},"2":{"start":{"line":3,"column":0},"end":{"line":10,"column":3}},"3":{"start":{"line":4,"column":4},"end":{"line":9,"column":6}},"4":{"start":{"line":12,"column":0},"end":{"line":14,"column":3}},"5":{"start":{"line":13,"column":4},"end":{"line":13,"column":50}}},"branchMap":{},"l":{"1":1,"3":1,"4":0,"12":1,"13":0}},
"./public_html/javascript/Model.js":{"path":"./public_html/javascript/Model.js","s":{"1":1,"2":1,"3":0,"4":0},"b":{"1":[0,0]},"f":{"1":0},"fnMap":{"1":{"name":"(anonymous_1)","line":7,"loc":{"start":{"line":7,"column":45},"end":{"line":7,"column":56}}}},"statementMap":{"1":{"start":{"line":2,"column":0},"end":{"line":5,"column":134}},"2":{"start":{"line":7,"column":1},"end":{"line":10,"column":3}},"3":{"start":{"line":8,"column":4},"end":{"line":8,"column":28}},"4":{"start":{"line":9,"column":4},"end":{"line":9,"column":65}}},"branchMap":{"1":{"line":9,"type":"cond-expr","locations":[{"start":{"line":9,"column":52},"end":{"line":9,"column":56}},{"start":{"line":9,"column":59},"end":{"line":9,"column":64}}]}},"l":{"2":1,"7":1,"8":0,"9":0}},
"./public_html/javascript/Services/ComponentsService.js":{"path":"./public_html/javascript/Services/ComponentsService.js","s":{"1":1,"2":1,"3":12,"4":12,"5":12,"6":12,"7":12,"8":12,"9":12,"10":8,"11":12,"12":0,"13":0,"14":0,"15":0,"16":12,"17":9,"18":12,"19":11,"20":12,"21":16,"22":12,"23":0,"24":12,"25":4,"26":4,"27":0,"28":0,"29":0,"30":0,"31":0,"32":0,"33":0,"34":0,"35":0,"36":0,"37":0,"38":0,"39":4,"40":4,"41":0,"42":0,"43":0,"44":0,"45":0,"46":0,"47":0,"48":0,"49":0,"50":0,"51":0,"52":0,"53":0,"54":0,"55":0,"56":4,"57":4,"58":4,"59":4,"60":4,"61":4,"62":1,"63":16,"64":16,"65":16,"66":16,"67":16,"68":16,"69":16,"70":16,"71":16,"72":16,"73":16,"74":16,"75":16,"76":16,"77":16,"78":16,"79":16,"80":12,"81":12,"82":1,"83":4,"84":4,"85":4,"86":4,"87":4,"88":4,"89":0,"90":0,"91":4,"92":0,"93":0,"94":12,"95":4,"96":4,"97":4,"98":4,"99":12,"100":0,"101":0,"102":0,"103":0,"104":0,"105":12,"106":0,"107":0,"108":0,"109":12,"110":0,"111":0,"112":0,"113":0,"114":12,"115":4,"116":56,"117":56,"118":0,"119":12,"120":0,"121":0,"122":0,"123":0,"124":0,"125":0,"126":0,"127":0,"128":0,"129":12,"130":0,"131":0,"132":0,"133":0,"134":0,"135":0,"136":0,"137":0,"138":0,"139":0,"140":0,"141":0,"142":0,"143":0,"144":0,"145":0,"146":12,"147":0,"148":0,"149":0,"150":0,"151":0,"152":0,"153":0,"154":0,"155":0,"156":12,"157":0,"158":0,"159":0,"160":0,"161":0,"162":0,"163":0,"164":12,"165":0,"166":0,"167":12,"168":0,"169":12,"170":0,"171":0,"172":0,"173":12,"174":0,"175":0,"176":12,"177":0,"178":0,"179":0,"180":0,"181":0,"182":0,"183":12,"184":0,"185":0,"186":12,"187":0,"188":0,"189":0,"190":0,"191":0,"192":0,"193":0,"194":0,"195":12,"196":0,"197":0,"198":12,"199":0,"200":0,"201":0,"202":12,"203":0,"204":0,"205":0,"206":0,"207":0,"208":0,"209":0,"210":12,"211":0,"212":0,"213":0,"214":0,"215":0,"216":0,"217":0,"218":0,"219":12,"220":0,"221":0,"222":0,"223":0,"224":12,"225":0,"226":0,"227":0,"228":0,"229":12,"230":1,"231":1,"232":1,"233":1,"234":1,"235":0,"236":1,"237":12,"238":0,"239":0,"240":0,"241":0,"242":0,"243":12,"244":1,"245":1,"246":12,"247":1,"248":0,"249":1,"250":12,"251":1,"252":1,"253":1,"254":0,"255":1,"256":1,"257":12,"258":0,"259":0,"260":0,"261":0,"262":12,"263":1,"264":0,"265":0,"266":0,"267":1,"268":12,"269":1,"270":1,"271":0,"272":12,"273":1,"274":2,"275":1,"276":12,"277":0,"278":0,"279":0,"280":12,"281":0,"282":0,"283":0,"284":0,"285":0},"b":{"1":[0,0],"2":[0,0,0,0,0,0,4,0,0,0,0,0,0,0,0],"3":[16,0],"4":[16,0],"5":[16,0],"6":[0,0],"7":[4,12],"8":[16,0],"9":[0,56],"10":[56,4],"11":[0,0],"12":[0,0],"13":[0,0],"14":[0,0],"15":[0,0],"16":[0,0],"17":[0,0],"18":[0,0],"19":[0,0],"20":[0,0],"21":[0,0],"22":[0,0],"23":[0,0],"24":[0,0],"25":[0,0],"26":[0,0],"27":[0,0],"28":[1,0],"29":[0,1],"30":[0,0],"31":[0,1],"32":[0,0],"33":[0,1],"34":[0,0],"35":[1,0],"36":[1,1],"37":[2,2],"38":[0,0],"39":[0,0]},"f":{"1":12,"2":8,"3":0,"4":9,"5":11,"6":16,"7":0,"8":4,"9":16,"10":16,"11":16,"12":4,"13":0,"14":0,"15":4,"16":0,"17":0,"18":0,"19":4,"20":0,"21":0,"22":0,"23":0,"24":0,"25":0,"26":0,"27":0,"28":0,"29":0,"30":0,"31":0,"32":0,"33":0,"34":0,"35":0,"36":0,"37":0,"38":1,"39":0,"40":1,"41":1,"42":1,"43":0,"44":1,"45":1,"46":1,"47":0,"48":0},"fnMap":{"1":{"name":"(anonymous_1)","line":6,"loc":{"start":{"line":6,"column":32},"end":{"line":6,"column":102}}},"2":{"name":"(anonymous_2)","line":30,"loc":{"start":{"line":30,"column":34},"end":{"line":30,"column":45}}},"3":{"name":"(anonymous_3)","line":34,"loc":{"start":{"line":34,"column":41},"end":{"line":34,"column":70}}},"4":{"name":"(anonymous_4)","line":44,"loc":{"start":{"line":44,"column":25},"end":{"line":44,"column":35}}},"5":{"name":"(anonymous_5)","line":48,"loc":{"start":{"line":48,"column":35},"end":{"line":48,"column":46}}},"6":{"name":"(anonymous_6)","line":52,"loc":{"start":{"line":52,"column":32},"end":{"line":52,"column":43}}},"7":{"name":"(anonymous_7)","line":56,"loc":{"start":{"line":56,"column":21},"end":{"line":56,"column":32}}},"8":{"name":"(anonymous_8)","line":61,"loc":{"start":{"line":61,"column":24},"end":{"line":61,"column":113}}},"9":{"name":"Component","line":117,"loc":{"start":{"line":117,"column":4},"end":{"line":117,"column":79}}},"10":{"name":"(anonymous_10)","line":123,"loc":{"start":{"line":123,"column":34},"end":{"line":123,"column":50}}},"11":{"name":"(anonymous_11)","line":132,"loc":{"start":{"line":132,"column":36},"end":{"line":132,"column":55}}},"12":{"name":"TextAreaComponent","line":141,"loc":{"start":{"line":141,"column":4},"end":{"line":141,"column":119}}},"13":{"name":"(anonymous_13)","line":147,"loc":{"start":{"line":147,"column":31},"end":{"line":147,"column":41}}},"14":{"name":"(anonymous_14)","line":151,"loc":{"start":{"line":151,"column":31},"end":{"line":151,"column":41}}},"15":{"name":"(anonymous_15)","line":158,"loc":{"start":{"line":158,"column":25},"end":{"line":158,"column":118}}},"16":{"name":"(anonymous_16)","line":165,"loc":{"start":{"line":165,"column":31},"end":{"line":165,"column":134}}},"17":{"name":"(anonymous_17)","line":173,"loc":{"start":{"line":173,"column":21},"end":{"line":173,"column":62}}},"18":{"name":"(anonymous_18)","line":179,"loc":{"start":{"line":179,"column":23},"end":{"line":179,"column":74}}},"19":{"name":"(anonymous_19)","line":186,"loc":{"start":{"line":186,"column":55},"end":{"line":186,"column":70}}},"20":{"name":"(anonymous_20)","line":196,"loc":{"start":{"line":196,"column":32},"end":{"line":196,"column":65}}},"21":{"name":"(anonymous_21)","line":210,"loc":{"start":{"line":210,"column":22},"end":{"line":210,"column":55}}},"22":{"name":"(anonymous_22)","line":216,"loc":{"start":{"line":216,"column":37},"end":{"line":216,"column":56}}},"23":{"name":"(anonymous_23)","line":230,"loc":{"start":{"line":230,"column":30},"end":{"line":230,"column":59}}},"24":{"name":"(anonymous_24)","line":244,"loc":{"start":{"line":244,"column":22},"end":{"line":244,"column":51}}},"25":{"name":"(anonymous_25)","line":255,"loc":{"start":{"line":255,"column":44},"end":{"line":255,"column":63}}},"26":{"name":"(anonymous_26)","line":260,"loc":{"start":{"line":260,"column":26},"end":{"line":260,"column":44}}},"27":{"name":"(anonymous_27)","line":264,"loc":{"start":{"line":264,"column":25},"end":{"line":264,"column":43}}},"28":{"name":"(anonymous_28)","line":272,"loc":{"start":{"line":272,"column":28},"end":{"line":272,"column":44}}},"29":{"name":"(anonymous_29)","line":277,"loc":{"start":{"line":277,"column":41},"end":{"line":277,"column":57}}},"30":{"name":"(anonymous_30)","line":288,"loc":{"start":{"line":288,"column":54},"end":{"line":288,"column":70}}},"31":{"name":"(anonymous_31)","line":295,"loc":{"start":{"line":295,"column":27},"end":{"line":295,"column":47}}},"32":{"name":"(anonymous_32)","line":307,"loc":{"start":{"line":307,"column":61},"end":{"line":307,"column":81}}},"33":{"name":"(anonymous_33)","line":313,"loc":{"start":{"line":313,"column":58},"end":{"line":313,"column":84}}},"34":{"name":"(anonymous_34)","line":321,"loc":{"start":{"line":321,"column":50},"end":{"line":321,"column":70}}},"35":{"name":"(anonymous_35)","line":334,"loc":{"start":{"line":334,"column":38},"end":{"line":334,"column":65}}},"36":{"name":"(anonymous_36)","line":349,"loc":{"start":{"line":349,"column":22},"end":{"line":349,"column":38}}},"37":{"name":"(anonymous_37)","line":356,"loc":{"start":{"line":356,"column":57},"end":{"line":356,"column":72}}},"38":{"name":"(anonymous_38)","line":366,"loc":{"start":{"line":366,"column":25},"end":{"line":366,"column":96}}},"39":{"name":"(anonymous_39)","line":382,"loc":{"start":{"line":382,"column":55},"end":{"line":382,"column":147}}},"40":{"name":"(anonymous_40)","line":394,"loc":{"start":{"line":394,"column":24},"end":{"line":394,"column":115}}},"41":{"name":"(anonymous_41)","line":399,"loc":{"start":{"line":399,"column":33},"end":{"line":399,"column":83}}},"42":{"name":"(anonymous_42)","line":407,"loc":{"start":{"line":407,"column":37},"end":{"line":407,"column":85}}},"43":{"name":"(anonymous_43)","line":418,"loc":{"start":{"line":418,"column":45},"end":{"line":418,"column":75}}},"44":{"name":"(anonymous_44)","line":427,"loc":{"start":{"line":427,"column":38},"end":{"line":427,"column":78}}},"45":{"name":"(anonymous_45)","line":438,"loc":{"start":{"line":438,"column":52},"end":{"line":438,"column":132}}},"46":{"name":"(anonymous_46)","line":446,"loc":{"start":{"line":446,"column":38},"end":{"line":446,"column":119}}},"47":{"name":"(anonymous_47)","line":454,"loc":{"start":{"line":454,"column":36},"end":{"line":454,"column":117}}},"48":{"name":"(anonymous_48)","line":463,"loc":{"start":{"line":463,"column":27},"end":{"line":463,"column":37}}}},"statementMap":{"1":{"start":{"line":3,"column":0},"end":{"line":3,"column":88}},"2":{"start":{"line":6,"column":0},"end":{"line":471,"column":3}},"3":{"start":{"line":8,"column":4},"end":{"line":21,"column":202}},"4":{"start":{"line":23,"column":4},"end":{"line":23,"column":33}},"5":{"start":{"line":24,"column":4},"end":{"line":24,"column":43}},"6":{"start":{"line":25,"column":4},"end":{"line":25,"column":40}},"7":{"start":{"line":26,"column":4},"end":{"line":26,"column":29}},"8":{"start":{"line":27,"column":4},"end":{"line":27,"column":31}},"9":{"start":{"line":30,"column":4},"end":{"line":32,"column":6}},"10":{"start":{"line":31,"column":8},"end":{"line":31,"column":35}},"11":{"start":{"line":34,"column":4},"end":{"line":42,"column":6}},"12":{"start":{"line":35,"column":8},"end":{"line":41,"column":9}},"13":{"start":{"line":36,"column":12},"end":{"line":40,"column":13}},"14":{"start":{"line":37,"column":16},"end":{"line":37,"column":81}},"15":{"start":{"line":39,"column":16},"end":{"line":39,"column":118}},"16":{"start":{"line":44,"column":4},"end":{"line":46,"column":6}},"17":{"start":{"line":45,"column":8},"end":{"line":45,"column":26}},"18":{"start":{"line":48,"column":4},"end":{"line":50,"column":6}},"19":{"start":{"line":49,"column":8},"end":{"line":49,"column":36}},"20":{"start":{"line":52,"column":4},"end":{"line":54,"column":6}},"21":{"start":{"line":53,"column":8},"end":{"line":53,"column":33}},"22":{"start":{"line":56,"column":4},"end":{"line":58,"column":6}},"23":{"start":{"line":57,"column":8},"end":{"line":57,"column":22}},"24":{"start":{"line":61,"column":4},"end":{"line":115,"column":6}},"25":{"start":{"line":62,"column":8},"end":{"line":62,"column":29}},"26":{"start":{"line":63,"column":8},"end":{"line":108,"column":9}},"27":{"start":{"line":65,"column":16},"end":{"line":65,"column":187}},"28":{"start":{"line":66,"column":16},"end":{"line":66,"column":22}},"29":{"start":{"line":68,"column":16},"end":{"line":68,"column":212}},"30":{"start":{"line":69,"column":16},"end":{"line":69,"column":22}},"31":{"start":{"line":71,"column":16},"end":{"line":71,"column":72}},"32":{"start":{"line":72,"column":16},"end":{"line":72,"column":22}},"33":{"start":{"line":74,"column":16},"end":{"line":74,"column":84}},"34":{"start":{"line":75,"column":16},"end":{"line":75,"column":22}},"35":{"start":{"line":77,"column":16},"end":{"line":77,"column":187}},"36":{"start":{"line":78,"column":16},"end":{"line":78,"column":22}},"37":{"start":{"line":80,"column":16},"end":{"line":80,"column":177}},"38":{"start":{"line":81,"column":16},"end":{"line":81,"column":22}},"39":{"start":{"line":83,"column":16},"end":{"line":83,"column":191}},"40":{"start":{"line":84,"column":16},"end":{"line":84,"column":22}},"41":{"start":{"line":86,"column":16},"end":{"line":86,"column":191}},"42":{"start":{"line":87,"column":16},"end":{"line":87,"column":22}},"43":{"start":{"line":89,"column":16},"end":{"line":89,"column":187}},"44":{"start":{"line":90,"column":16},"end":{"line":90,"column":22}},"45":{"start":{"line":92,"column":16},"end":{"line":92,"column":199}},"46":{"start":{"line":93,"column":16},"end":{"line":93,"column":22}},"47":{"start":{"line":95,"column":16},"end":{"line":95,"column":215}},"48":{"start":{"line":96,"column":16},"end":{"line":96,"column":22}},"49":{"start":{"line":98,"column":16},"end":{"line":98,"column":177}},"50":{"start":{"line":99,"column":16},"end":{"line":99,"column":22}},"51":{"start":{"line":101,"column":16},"end":{"line":101,"column":191}},"52":{"start":{"line":102,"column":16},"end":{"line":102,"column":22}},"53":{"start":{"line":104,"column":16},"end":{"line":104,"column":187}},"54":{"start":{"line":105,"column":16},"end":{"line":105,"column":22}},"55":{"start":{"line":107,"column":16},"end":{"line":107,"column":22}},"56":{"start":{"line":109,"column":8},"end":{"line":109,"column":53}},"57":{"start":{"line":110,"column":8},"end":{"line":110,"column":35}},"58":{"start":{"line":111,"column":8},"end":{"line":111,"column":45}},"59":{"start":{"line":112,"column":8},"end":{"line":112,"column":46}},"60":{"start":{"line":113,"column":8},"end":{"line":113,"column":24}},"61":{"start":{"line":114,"column":8},"end":{"line":114,"column":69}},"62":{"start":{"line":117,"column":4},"end":{"line":137,"column":5}},"63":{"start":{"line":118,"column":8},"end":{"line":118,"column":21}},"64":{"start":{"line":119,"column":8},"end":{"line":119,"column":25}},"65":{"start":{"line":120,"column":8},"end":{"line":120,"column":29}},"66":{"start":{"line":121,"column":8},"end":{"line":121,"column":39}},"67":{"start":{"line":122,"column":8},"end":{"line":122,"column":63}},"68":{"start":{"line":123,"column":8},"end":{"line":128,"column":10}},"69":{"start":{"line":124,"column":12},"end":{"line":124,"column":33}},"70":{"start":{"line":125,"column":12},"end":{"line":125,"column":120}},"71":{"start":{"line":126,"column":12},"end":{"line":126,"column":227}},"72":{"start":{"line":127,"column":12},"end":{"line":127,"column":102}},"73":{"start":{"line":129,"column":8},"end":{"line":129,"column":40}},"74":{"start":{"line":130,"column":8},"end":{"line":130,"column":36}},"75":{"start":{"line":131,"column":8},"end":{"line":131,"column":29}},"76":{"start":{"line":132,"column":8},"end":{"line":135,"column":10}},"77":{"start":{"line":133,"column":12},"end":{"line":133,"column":37}},"78":{"start":{"line":134,"column":12},"end":{"line":134,"column":92}},"79":{"start":{"line":136,"column":8},"end":{"line":136,"column":40}},"80":{"start":{"line":139,"column":4},"end":{"line":139,"column":50}},"81":{"start":{"line":140,"column":4},"end":{"line":140,"column":64}},"82":{"start":{"line":141,"column":4},"end":{"line":156,"column":5}},"83":{"start":{"line":142,"column":8},"end":{"line":142,"column":85}},"84":{"start":{"line":143,"column":8},"end":{"line":143,"column":33}},"85":{"start":{"line":144,"column":8},"end":{"line":144,"column":54}},"86":{"start":{"line":145,"column":8},"end":{"line":145,"column":62}},"87":{"start":{"line":146,"column":8},"end":{"line":146,"column":40}},"88":{"start":{"line":147,"column":8},"end":{"line":150,"column":10}},"89":{"start":{"line":148,"column":12},"end":{"line":148,"column":35}},"90":{"start":{"line":149,"column":12},"end":{"line":149,"column":43}},"91":{"start":{"line":151,"column":8},"end":{"line":155,"column":10}},"92":{"start":{"line":152,"column":12},"end":{"line":154,"column":13}},"93":{"start":{"line":153,"column":16},"end":{"line":153,"column":67}},"94":{"start":{"line":158,"column":4},"end":{"line":163,"column":6}},"95":{"start":{"line":159,"column":8},"end":{"line":159,"column":148}},"96":{"start":{"line":160,"column":8},"end":{"line":160,"column":34}},"97":{"start":{"line":161,"column":8},"end":{"line":161,"column":29}},"98":{"start":{"line":162,"column":8},"end":{"line":162,"column":21}},"99":{"start":{"line":165,"column":4},"end":{"line":171,"column":6}},"100":{"start":{"line":166,"column":8},"end":{"line":166,"column":154}},"101":{"start":{"line":167,"column":8},"end":{"line":167,"column":34}},"102":{"start":{"line":168,"column":8},"end":{"line":168,"column":34}},"103":{"start":{"line":169,"column":8},"end":{"line":169,"column":29}},"104":{"start":{"line":170,"column":8},"end":{"line":170,"column":21}},"105":{"start":{"line":173,"column":4},"end":{"line":177,"column":6}},"106":{"start":{"line":174,"column":8},"end":{"line":174,"column":132}},"107":{"start":{"line":175,"column":8},"end":{"line":175,"column":29}},"108":{"start":{"line":176,"column":8},"end":{"line":176,"column":20}},"109":{"start":{"line":179,"column":4},"end":{"line":184,"column":6}},"110":{"start":{"line":180,"column":8},"end":{"line":180,"column":138}},"111":{"start":{"line":181,"column":8},"end":{"line":181,"column":35}},"112":{"start":{"line":182,"column":8},"end":{"line":182,"column":29}},"113":{"start":{"line":183,"column":8},"end":{"line":183,"column":22}},"114":{"start":{"line":186,"column":4},"end":{"line":193,"column":6}},"115":{"start":{"line":187,"column":8},"end":{"line":192,"column":9}},"116":{"start":{"line":188,"column":12},"end":{"line":188,"column":53}},"117":{"start":{"line":189,"column":12},"end":{"line":191,"column":13}},"118":{"start":{"line":190,"column":16},"end":{"line":190,"column":38}},"119":{"start":{"line":196,"column":4},"end":{"line":208,"column":6}},"120":{"start":{"line":197,"column":8},"end":{"line":197,"column":61}},"121":{"start":{"line":198,"column":8},"end":{"line":198,"column":61}},"122":{"start":{"line":199,"column":8},"end":{"line":207,"column":9}},"123":{"start":{"line":200,"column":12},"end":{"line":200,"column":48}},"124":{"start":{"line":201,"column":15},"end":{"line":207,"column":9}},"125":{"start":{"line":202,"column":12},"end":{"line":202,"column":54}},"126":{"start":{"line":203,"column":15},"end":{"line":207,"column":9}},"127":{"start":{"line":204,"column":12},"end":{"line":204,"column":54}},"128":{"start":{"line":206,"column":12},"end":{"line":206,"column":44}},"129":{"start":{"line":210,"column":4},"end":{"line":228,"column":6}},"130":{"start":{"line":211,"column":8},"end":{"line":211,"column":23}},"131":{"start":{"line":212,"column":8},"end":{"line":212,"column":50}},"132":{"start":{"line":213,"column":8},"end":{"line":213,"column":29}},"133":{"start":{"line":214,"column":8},"end":{"line":214,"column":33}},"134":{"start":{"line":215,"column":8},"end":{"line":215,"column":30}},"135":{"start":{"line":216,"column":8},"end":{"line":219,"column":10}},"136":{"start":{"line":217,"column":12},"end":{"line":217,"column":38}},"137":{"start":{"line":218,"column":12},"end":{"line":218,"column":93}},"138":{"start":{"line":220,"column":8},"end":{"line":220,"column":41}},"139":{"start":{"line":221,"column":8},"end":{"line":221,"column":46}},"140":{"start":{"line":222,"column":8},"end":{"line":222,"column":50}},"141":{"start":{"line":223,"column":8},"end":{"line":223,"column":57}},"142":{"start":{"line":224,"column":8},"end":{"line":224,"column":57}},"143":{"start":{"line":225,"column":8},"end":{"line":225,"column":54}},"144":{"start":{"line":226,"column":8},"end":{"line":226,"column":54}},"145":{"start":{"line":227,"column":8},"end":{"line":227,"column":31}},"146":{"start":{"line":230,"column":4},"end":{"line":242,"column":6}},"147":{"start":{"line":231,"column":8},"end":{"line":231,"column":44}},"148":{"start":{"line":232,"column":8},"end":{"line":232,"column":82}},"149":{"start":{"line":233,"column":8},"end":{"line":233,"column":100}},"150":{"start":{"line":234,"column":8},"end":{"line":238,"column":9}},"151":{"start":{"line":235,"column":12},"end":{"line":235,"column":46}},"152":{"start":{"line":237,"column":12},"end":{"line":237,"column":43}},"153":{"start":{"line":239,"column":8},"end":{"line":239,"column":56}},"154":{"start":{"line":240,"column":8},"end":{"line":240,"column":53}},"155":{"start":{"line":241,"column":8},"end":{"line":241,"column":46}},"156":{"start":{"line":244,"column":4},"end":{"line":253,"column":6}},"157":{"start":{"line":245,"column":8},"end":{"line":245,"column":46}},"158":{"start":{"line":246,"column":8},"end":{"line":246,"column":46}},"159":{"start":{"line":247,"column":8},"end":{"line":247,"column":66}},"160":{"start":{"line":248,"column":8},"end":{"line":250,"column":9}},"161":{"start":{"line":249,"column":12},"end":{"line":249,"column":69}},"162":{"start":{"line":251,"column":8},"end":{"line":251,"column":34}},"163":{"start":{"line":252,"column":8},"end":{"line":252,"column":47}},"164":{"start":{"line":255,"column":4},"end":{"line":258,"column":6}},"165":{"start":{"line":256,"column":8},"end":{"line":256,"column":61}},"166":{"start":{"line":257,"column":8},"end":{"line":257,"column":47}},"167":{"start":{"line":260,"column":4},"end":{"line":262,"column":6}},"168":{"start":{"line":261,"column":8},"end":{"line":261,"column":39}},"169":{"start":{"line":264,"column":4},"end":{"line":270,"column":6}},"170":{"start":{"line":265,"column":8},"end":{"line":269,"column":9}},"171":{"start":{"line":266,"column":12},"end":{"line":268,"column":13}},"172":{"start":{"line":267,"column":16},"end":{"line":267,"column":37}},"173":{"start":{"line":272,"column":4},"end":{"line":275,"column":6}},"174":{"start":{"line":273,"column":8},"end":{"line":273,"column":63}},"175":{"start":{"line":274,"column":8},"end":{"line":274,"column":53}},"176":{"start":{"line":277,"column":4},"end":{"line":286,"column":6}},"177":{"start":{"line":278,"column":8},"end":{"line":284,"column":9}},"178":{"start":{"line":279,"column":12},"end":{"line":283,"column":13}},"179":{"start":{"line":280,"column":16},"end":{"line":280,"column":50}},"180":{"start":{"line":281,"column":16},"end":{"line":281,"column":67}},"181":{"start":{"line":282,"column":16},"end":{"line":282,"column":23}},"182":{"start":{"line":285,"column":8},"end":{"line":285,"column":41}},"183":{"start":{"line":288,"column":4},"end":{"line":295,"column":4}},"184":{"start":{"line":289,"column":8},"end":{"line":291,"column":9}},"185":{"start":{"line":290,"column":12},"end":{"line":290,"column":58}},"186":{"start":{"line":295,"column":4},"end":{"line":305,"column":6}},"187":{"start":{"line":296,"column":8},"end":{"line":296,"column":74}},"188":{"start":{"line":297,"column":8},"end":{"line":297,"column":69}},"189":{"start":{"line":298,"column":8},"end":{"line":298,"column":66}},"190":{"start":{"line":299,"column":8},"end":{"line":299,"column":55}},"191":{"start":{"line":300,"column":8},"end":{"line":300,"column":59}},"192":{"start":{"line":302,"column":8},"end":{"line":302,"column":70}},"193":{"start":{"line":303,"column":8},"end":{"line":303,"column":69}},"194":{"start":{"line":304,"column":8},"end":{"line":304,"column":71}},"195":{"start":{"line":307,"column":4},"end":{"line":311,"column":6}},"196":{"start":{"line":308,"column":8},"end":{"line":310,"column":9}},"197":{"start":{"line":309,"column":12},"end":{"line":309,"column":60}},"198":{"start":{"line":313,"column":4},"end":{"line":319,"column":6}},"199":{"start":{"line":314,"column":8},"end":{"line":318,"column":9}},"200":{"start":{"line":315,"column":12},"end":{"line":317,"column":13}},"201":{"start":{"line":316,"column":16},"end":{"line":316,"column":42}},"202":{"start":{"line":321,"column":4},"end":{"line":332,"column":6}},"203":{"start":{"line":322,"column":8},"end":{"line":331,"column":9}},"204":{"start":{"line":323,"column":12},"end":{"line":330,"column":13}},"205":{"start":{"line":324,"column":16},"end":{"line":324,"column":40}},"206":{"start":{"line":325,"column":16},"end":{"line":325,"column":22}},"207":{"start":{"line":326,"column":19},"end":{"line":330,"column":13}},"208":{"start":{"line":327,"column":16},"end":{"line":329,"column":17}},"209":{"start":{"line":328,"column":20},"end":{"line":328,"column":26}},"210":{"start":{"line":334,"column":4},"end":{"line":347,"column":6}},"211":{"start":{"line":335,"column":8},"end":{"line":345,"column":9}},"212":{"start":{"line":336,"column":12},"end":{"line":344,"column":13}},"213":{"start":{"line":337,"column":16},"end":{"line":337,"column":44}},"214":{"start":{"line":338,"column":16},"end":{"line":342,"column":17}},"215":{"start":{"line":339,"column":20},"end":{"line":339,"column":39}},"216":{"start":{"line":341,"column":20},"end":{"line":341,"column":58}},"217":{"start":{"line":343,"column":16},"end":{"line":343,"column":28}},"218":{"start":{"line":346,"column":8},"end":{"line":346,"column":21}},"219":{"start":{"line":349,"column":4},"end":{"line":354,"column":6}},"220":{"start":{"line":350,"column":8},"end":{"line":350,"column":53}},"221":{"start":{"line":351,"column":8},"end":{"line":351,"column":46}},"222":{"start":{"line":352,"column":8},"end":{"line":352,"column":68}},"223":{"start":{"line":353,"column":8},"end":{"line":353,"column":58}},"224":{"start":{"line":356,"column":4},"end":{"line":363,"column":6}},"225":{"start":{"line":357,"column":8},"end":{"line":362,"column":9}},"226":{"start":{"line":358,"column":12},"end":{"line":358,"column":53}},"227":{"start":{"line":359,"column":12},"end":{"line":361,"column":13}},"228":{"start":{"line":360,"column":16},"end":{"line":360,"column":37}},"229":{"start":{"line":366,"column":4},"end":{"line":380,"column":6}},"230":{"start":{"line":367,"column":8},"end":{"line":369,"column":9}},"231":{"start":{"line":368,"column":12},"end":{"line":368,"column":61}},"232":{"start":{"line":371,"column":8},"end":{"line":371,"column":98}},"233":{"start":{"line":373,"column":8},"end":{"line":373,"column":114}},"234":{"start":{"line":375,"column":8},"end":{"line":379,"column":9}},"235":{"start":{"line":376,"column":12},"end":{"line":376,"column":140}},"236":{"start":{"line":378,"column":12},"end":{"line":378,"column":109}},"237":{"start":{"line":382,"column":4},"end":{"line":392,"column":6}},"238":{"start":{"line":383,"column":8},"end":{"line":391,"column":9}},"239":{"start":{"line":384,"column":12},"end":{"line":386,"column":13}},"240":{"start":{"line":385,"column":16},"end":{"line":385,"column":129}},"241":{"start":{"line":388,"column":12},"end":{"line":390,"column":13}},"242":{"start":{"line":389,"column":16},"end":{"line":389,"column":129}},"243":{"start":{"line":394,"column":4},"end":{"line":397,"column":6}},"244":{"start":{"line":395,"column":8},"end":{"line":395,"column":122}},"245":{"start":{"line":396,"column":8},"end":{"line":396,"column":89}},"246":{"start":{"line":399,"column":4},"end":{"line":405,"column":6}},"247":{"start":{"line":400,"column":8},"end":{"line":404,"column":9}},"248":{"start":{"line":401,"column":12},"end":{"line":401,"column":90}},"249":{"start":{"line":403,"column":12},"end":{"line":403,"column":78}},"250":{"start":{"line":407,"column":4},"end":{"line":416,"column":6}},"251":{"start":{"line":408,"column":8},"end":{"line":408,"column":95}},"252":{"start":{"line":410,"column":8},"end":{"line":410,"column":25}},"253":{"start":{"line":411,"column":8},"end":{"line":413,"column":9}},"254":{"start":{"line":412,"column":12},"end":{"line":412,"column":89}},"255":{"start":{"line":414,"column":8},"end":{"line":414,"column":78}},"256":{"start":{"line":415,"column":8},"end":{"line":415,"column":24}},"257":{"start":{"line":418,"column":4},"end":{"line":425,"column":6}},"258":{"start":{"line":419,"column":8},"end":{"line":423,"column":9}},"259":{"start":{"line":420,"column":12},"end":{"line":420,"column":50}},"260":{"start":{"line":422,"column":12},"end":{"line":422,"column":23}},"261":{"start":{"line":424,"column":8},"end":{"line":424,"column":24}},"262":{"start":{"line":427,"column":4},"end":{"line":436,"column":6}},"263":{"start":{"line":428,"column":8},"end":{"line":434,"column":9}},"264":{"start":{"line":429,"column":12},"end":{"line":433,"column":13}},"265":{"start":{"line":430,"column":16},"end":{"line":430,"column":54}},"266":{"start":{"line":432,"column":16},"end":{"line":432,"column":30}},"267":{"start":{"line":435,"column":8},"end":{"line":435,"column":24}},"268":{"start":{"line":438,"column":4},"end":{"line":444,"column":6}},"269":{"start":{"line":439,"column":8},"end":{"line":443,"column":9}},"270":{"start":{"line":440,"column":12},"end":{"line":440,"column":112}},"271":{"start":{"line":442,"column":12},"end":{"line":442,"column":110}},"272":{"start":{"line":446,"column":4},"end":{"line":452,"column":6}},"273":{"start":{"line":447,"column":8},"end":{"line":451,"column":9}},"274":{"start":{"line":448,"column":12},"end":{"line":450,"column":13}},"275":{"start":{"line":449,"column":16},"end":{"line":449,"column":53}},"276":{"start":{"line":454,"column":4},"end":{"line":460,"column":6}},"277":{"start":{"line":455,"column":8},"end":{"line":459,"column":9}},"278":{"start":{"line":456,"column":12},"end":{"line":458,"column":13}},"279":{"start":{"line":457,"column":16},"end":{"line":457,"column":53}},"280":{"start":{"line":463,"column":4},"end":{"line":470,"column":6}},"281":{"start":{"line":464,"column":8},"end":{"line":469,"column":9}},"282":{"start":{"line":465,"column":12},"end":{"line":465,"column":29}},"283":{"start":{"line":466,"column":12},"end":{"line":466,"column":39}},"284":{"start":{"line":467,"column":12},"end":{"line":467,"column":36}},"285":{"start":{"line":468,"column":12},"end":{"line":468,"column":25}}},"branchMap":{"1":{"line":36,"type":"if","locations":[{"start":{"line":36,"column":12},"end":{"line":36,"column":12}},{"start":{"line":36,"column":12},"end":{"line":36,"column":12}}]},"2":{"line":63,"type":"switch","locations":[{"start":{"line":64,"column":12},"end":{"line":66,"column":22}},{"start":{"line":67,"column":12},"end":{"line":69,"column":22}},{"start":{"line":70,"column":12},"end":{"line":72,"column":22}},{"start":{"line":73,"column":12},"end":{"line":75,"column":22}},{"start":{"line":76,"column":12},"end":{"line":78,"column":22}},{"start":{"line":79,"column":12},"end":{"line":81,"column":22}},{"start":{"line":82,"column":12},"end":{"line":84,"column":22}},{"start":{"line":85,"column":12},"end":{"line":87,"column":22}},{"start":{"line":88,"column":12},"end":{"line":90,"column":22}},{"start":{"line":91,"column":12},"end":{"line":93,"column":22}},{"start":{"line":94,"column":12},"end":{"line":96,"column":22}},{"start":{"line":97,"column":12},"end":{"line":99,"column":22}},{"start":{"line":100,"column":12},"end":{"line":102,"column":22}},{"start":{"line":103,"column":12},"end":{"line":105,"column":22}},{"start":{"line":106,"column":12},"end":{"line":107,"column":22}}]},"3":{"line":125,"type":"cond-expr","locations":[{"start":{"line":125,"column":78},"end":{"line":125,"column":96}},{"start":{"line":125,"column":99},"end":{"line":125,"column":119}}]},"4":{"line":125,"type":"binary-expr","locations":[{"start":{"line":125,"column":31},"end":{"line":125,"column":60}},{"start":{"line":125,"column":64},"end":{"line":125,"column":75}}]},"5":{"line":126,"type":"cond-expr","locations":[{"start":{"line":126,"column":70},"end":{"line":126,"column":112}},{"start":{"line":126,"column":116},"end":{"line":126,"column":225}}]},"6":{"line":126,"type":"cond-expr","locations":[{"start":{"line":126,"column":130},"end":{"line":126,"column":176}},{"start":{"line":126,"column":179},"end":{"line":126,"column":225}}]},"7":{"line":127,"type":"cond-expr","locations":[{"start":{"line":127,"column":51},"end":{"line":127,"column":74}},{"start":{"line":127,"column":77},"end":{"line":127,"column":101}}]},"8":{"line":134,"type":"cond-expr","locations":[{"start":{"line":134,"column":44},"end":{"line":134,"column":64}},{"start":{"line":134,"column":67},"end":{"line":134,"column":91}}]},"9":{"line":189,"type":"if","locations":[{"start":{"line":189,"column":12},"end":{"line":189,"column":12}},{"start":{"line":189,"column":12},"end":{"line":189,"column":12}}]},"10":{"line":189,"type":"binary-expr","locations":[{"start":{"line":189,"column":16},"end":{"line":189,"column":39}},{"start":{"line":189,"column":43},"end":{"line":189,"column":63}}]},"11":{"line":199,"type":"if","locations":[{"start":{"line":199,"column":8},"end":{"line":199,"column":8}},{"start":{"line":199,"column":8},"end":{"line":199,"column":8}}]},"12":{"line":199,"type":"binary-expr","locations":[{"start":{"line":199,"column":12},"end":{"line":199,"column":27}},{"start":{"line":199,"column":31},"end":{"line":199,"column":46}}]},"13":{"line":201,"type":"if","locations":[{"start":{"line":201,"column":15},"end":{"line":201,"column":15}},{"start":{"line":201,"column":15},"end":{"line":201,"column":15}}]},"14":{"line":203,"type":"if","locations":[{"start":{"line":203,"column":15},"end":{"line":203,"column":15}},{"start":{"line":203,"column":15},"end":{"line":203,"column":15}}]},"15":{"line":218,"type":"cond-expr","locations":[{"start":{"line":218,"column":45},"end":{"line":218,"column":65}},{"start":{"line":218,"column":68},"end":{"line":218,"column":92}}]},"16":{"line":234,"type":"if","locations":[{"start":{"line":234,"column":8},"end":{"line":234,"column":8}},{"start":{"line":234,"column":8},"end":{"line":234,"column":8}}]},"17":{"line":266,"type":"if","locations":[{"start":{"line":266,"column":12},"end":{"line":266,"column":12}},{"start":{"line":266,"column":12},"end":{"line":266,"column":12}}]},"18":{"line":266,"type":"binary-expr","locations":[{"start":{"line":266,"column":16},"end":{"line":266,"column":46}},{"start":{"line":266,"column":50},"end":{"line":266,"column":78}}]},"19":{"line":279,"type":"if","locations":[{"start":{"line":279,"column":12},"end":{"line":279,"column":12}},{"start":{"line":279,"column":12},"end":{"line":279,"column":12}}]},"20":{"line":315,"type":"if","locations":[{"start":{"line":315,"column":12},"end":{"line":315,"column":12}},{"start":{"line":315,"column":12},"end":{"line":315,"column":12}}]},"21":{"line":323,"type":"if","locations":[{"start":{"line":323,"column":12},"end":{"line":323,"column":12}},{"start":{"line":323,"column":12},"end":{"line":323,"column":12}}]},"22":{"line":326,"type":"if","locations":[{"start":{"line":326,"column":19},"end":{"line":326,"column":19}},{"start":{"line":326,"column":19},"end":{"line":326,"column":19}}]},"23":{"line":327,"type":"if","locations":[{"start":{"line":327,"column":16},"end":{"line":327,"column":16}},{"start":{"line":327,"column":16},"end":{"line":327,"column":16}}]},"24":{"line":336,"type":"if","locations":[{"start":{"line":336,"column":12},"end":{"line":336,"column":12}},{"start":{"line":336,"column":12},"end":{"line":336,"column":12}}]},"25":{"line":338,"type":"if","locations":[{"start":{"line":338,"column":16},"end":{"line":338,"column":16}},{"start":{"line":338,"column":16},"end":{"line":338,"column":16}}]},"26":{"line":359,"type":"if","locations":[{"start":{"line":359,"column":12},"end":{"line":359,"column":12}},{"start":{"line":359,"column":12},"end":{"line":359,"column":12}}]},"27":{"line":359,"type":"binary-expr","locations":[{"start":{"line":359,"column":16},"end":{"line":359,"column":39}},{"start":{"line":359,"column":43},"end":{"line":359,"column":66}}]},"28":{"line":367,"type":"if","locations":[{"start":{"line":367,"column":8},"end":{"line":367,"column":8}},{"start":{"line":367,"column":8},"end":{"line":367,"column":8}}]},"29":{"line":375,"type":"if","locations":[{"start":{"line":375,"column":8},"end":{"line":375,"column":8}},{"start":{"line":375,"column":8},"end":{"line":375,"column":8}}]},"30":{"line":383,"type":"if","locations":[{"start":{"line":383,"column":8},"end":{"line":383,"column":8}},{"start":{"line":383,"column":8},"end":{"line":383,"column":8}}]},"31":{"line":400,"type":"if","locations":[{"start":{"line":400,"column":8},"end":{"line":400,"column":8}},{"start":{"line":400,"column":8},"end":{"line":400,"column":8}}]},"32":{"line":419,"type":"if","locations":[{"start":{"line":419,"column":8},"end":{"line":419,"column":8}},{"start":{"line":419,"column":8},"end":{"line":419,"column":8}}]},"33":{"line":428,"type":"if","locations":[{"start":{"line":428,"column":8},"end":{"line":428,"column":8}},{"start":{"line":428,"column":8},"end":{"line":428,"column":8}}]},"34":{"line":429,"type":"if","locations":[{"start":{"line":429,"column":12},"end":{"line":429,"column":12}},{"start":{"line":429,"column":12},"end":{"line":429,"column":12}}]},"35":{"line":439,"type":"if","locations":[{"start":{"line":439,"column":8},"end":{"line":439,"column":8}},{"start":{"line":439,"column":8},"end":{"line":439,"column":8}}]},"36":{"line":448,"type":"if","locations":[{"start":{"line":448,"column":12},"end":{"line":448,"column":12}},{"start":{"line":448,"column":12},"end":{"line":448,"column":12}}]},"37":{"line":448,"type":"binary-expr","locations":[{"start":{"line":448,"column":16},"end":{"line":448,"column":70}},{"start":{"line":448,"column":74},"end":{"line":448,"column":127}}]},"38":{"line":456,"type":"if","locations":[{"start":{"line":456,"column":12},"end":{"line":456,"column":12}},{"start":{"line":456,"column":12},"end":{"line":456,"column":12}}]},"39":{"line":456,"type":"binary-expr","locations":[{"start":{"line":456,"column":16},"end":{"line":456,"column":70}},{"start":{"line":456,"column":74},"end":{"line":456,"column":127}}]}},"l":{"3":1,"6":1,"8":12,"23":12,"24":12,"25":12,"26":12,"27":12,"30":12,"31":8,"34":12,"35":0,"36":0,"37":0,"39":0,"44":12,"45":9,"48":12,"49":11,"52":12,"53":16,"56":12,"57":0,"61":12,"62":4,"63":4,"65":0,"66":0,"68":0,"69":0,"71":0,"72":0,"74":0,"75":0,"77":0,"78":0,"80":0,"81":0,"83":4,"84":4,"86":0,"87":0,"89":0,"90":0,"92":0,"93":0,"95":0,"96":0,"98":0,"99":0,"101":0,"102":0,"104":0,"105":0,"107":0,"109":4,"110":4,"111":4,"112":4,"113":4,"114":4,"117":1,"118":16,"119":16,"120":16,"121":16,"122":16,"123":16,"124":16,"125":16,"126":16,"127":16,"129":16,"130":16,"131":16,"132":16,"133":16,"134":16,"136":16,"139":12,"140":12,"141":1,"142":4,"143":4,"144":4,"145":4,"146":4,"147":4,"148":0,"149":0,"151":4,"152":0,"153":0,"158":12,"159":4,"160":4,"161":4,"162":4,"165":12,"166":0,"167":0,"168":0,"169":0,"170":0,"173":12,"174":0,"175":0,"176":0,"179":12,"180":0,"181":0,"182":0,"183":0,"186":12,"187":4,"188":56,"189":56,"190":0,"196":12,"197":0,"198":0,"199":0,"200":0,"201":0,"202":0,"203":0,"204":0,"206":0,"210":12,"211":0,"212":0,"213":0,"214":0,"215":0,"216":0,"217":0,"218":0,"220":0,"221":0,"222":0,"223":0,"224":0,"225":0,"226":0,"227":0,"230":12,"231":0,"232":0,"233":0,"234":0,"235":0,"237":0,"239":0,"240":0,"241":0,"244":12,"245":0,"246":0,"247":0,"248":0,"249":0,"251":0,"252":0,"255":12,"256":0,"257":0,"260":12,"261":0,"264":12,"265":0,"266":0,"267":0,"272":12,"273":0,"274":0,"277":12,"278":0,"279":0,"280":0,"281":0,"282":0,"285":0,"288":12,"289":0,"290":0,"295":12,"296":0,"297":0,"298":0,"299":0,"300":0,"302":0,"303":0,"304":0,"307":12,"308":0,"309":0,"313":12,"314":0,"315":0,"316":0,"321":12,"322":0,"323":0,"324":0,"325":0,"326":0,"327":0,"328":0,"334":12,"335":0,"336":0,"337":0,"338":0,"339":0,"341":0,"343":0,"346":0,"349":12,"350":0,"351":0,"352":0,"353":0,"356":12,"357":0,"358":0,"359":0,"360":0,"366":12,"367":1,"368":1,"371":1,"373":1,"375":1,"376":0,"378":1,"382":12,"383":0,"384":0,"385":0,"388":0,"389":0,"394":12,"395":1,"396":1,"399":12,"400":1,"401":0,"403":1,"407":12,"408":1,"410":1,"411":1,"412":0,"414":1,"415":1,"418":12,"419":0,"420":0,"422":0,"424":0,"427":12,"428":1,"429":0,"430":0,"432":0,"435":1,"438":12,"439":1,"440":1,"442":0,"446":12,"447":1,"448":2,"449":1,"454":12,"455":0,"456":0,"457":0,"463":12,"464":0,"465":0,"466":0,"467":0,"468":0}},
"./public_html/javascript/Services/FontService.js":{"path":"./public_html/javascript/Services/FontService.js","s":{"1":1,"2":1,"3":7,"4":7,"5":7,"6":3,"7":7,"8":3},"b":{},"f":{"1":7,"2":3,"3":3},"fnMap":{"1":{"name":"(anonymous_1)","line":4,"loc":{"start":{"line":4,"column":26},"end":{"line":4,"column":36}}},"2":{"name":"(anonymous_2)","line":17,"loc":{"start":{"line":17,"column":20},"end":{"line":17,"column":30}}},"3":{"name":"(anonymous_3)","line":20,"loc":{"start":{"line":20,"column":24},"end":{"line":20,"column":34}}}},"statementMap":{"1":{"start":{"line":2,"column":0},"end":{"line":2,"column":43}},"2":{"start":{"line":4,"column":0},"end":{"line":23,"column":3}},"3":{"start":{"line":5,"column":4},"end":{"line":7,"column":65}},"4":{"start":{"line":9,"column":4},"end":{"line":15,"column":37}},"5":{"start":{"line":17,"column":4},"end":{"line":19,"column":6}},"6":{"start":{"line":18,"column":8},"end":{"line":18,"column":21}},"7":{"start":{"line":20,"column":4},"end":{"line":22,"column":6}},"8":{"start":{"line":21,"column":8},"end":{"line":21,"column":25}}},"branchMap":{},"l":{"2":1,"4":1,"5":7,"9":7,"17":7,"18":3,"20":7,"21":3}},
"./public_html/javascript/Services/HTMLCreateService.js":{"path":"./public_html/javascript/Services/HTMLCreateService.js","s":{"1":1,"2":1,"3":1,"4":0,"5":0,"6":0,"7":0,"8":0},"b":{},"f":{"1":1,"2":0,"3":0},"fnMap":{"1":{"name":"(anonymous_1)","line":2,"loc":{"start":{"line":2,"column":33},"end":{"line":2,"column":43}}},"2":{"name":"(anonymous_2)","line":4,"loc":{"start":{"line":4,"column":20},"end":{"line":4,"column":30}}},"3":{"name":"(anonymous_3)","line":6,"loc":{"start":{"line":6,"column":26},"end":{"line":6,"column":42}}}},"statementMap":{"1":{"start":{"line":1,"column":0},"end":{"line":1,"column":50}},"2":{"start":{"line":2,"column":0},"end":{"line":16,"column":3}},"3":{"start":{"line":4,"column":4},"end":{"line":15,"column":6}},"4":{"start":{"line":5,"column":10},"end":{"line":14,"column":11}},"5":{"start":{"line":7,"column":16},"end":{"line":7,"column":61}},"6":{"start":{"line":8,"column":16},"end":{"line":8,"column":119}},"7":{"start":{"line":9,"column":16},"end":{"line":9,"column":83}},"8":{"start":{"line":10,"column":16},"end":{"line":10,"column":41}}},"branchMap":{},"l":{"1":1,"2":1,"4":1,"5":0,"7":0,"8":0,"9":0,"10":0}},
"./public_html/javascript/Services/ImageCreateService.js":{"path":"./public_html/javascript/Services/ImageCreateService.js","s":{"1":1,"2":1,"3":1,"4":1,"5":0,"6":1,"7":0,"8":0,"9":0,"10":0,"11":0,"12":0,"13":0},"b":{},"f":{"1":1,"2":0,"3":0,"4":0},"fnMap":{"1":{"name":"(anonymous_1)","line":4,"loc":{"start":{"line":4,"column":33},"end":{"line":4,"column":59}}},"2":{"name":"(anonymous_2)","line":7,"loc":{"start":{"line":7,"column":23},"end":{"line":7,"column":33}}},"3":{"name":"(anonymous_3)","line":11,"loc":{"start":{"line":11,"column":21},"end":{"line":11,"column":31}}},"4":{"name":"(anonymous_4)","line":13,"loc":{"start":{"line":13,"column":24},"end":{"line":13,"column":41}}}},"statementMap":{"1":{"start":{"line":2,"column":0},"end":{"line":2,"column":68}},"2":{"start":{"line":4,"column":0},"end":{"line":23,"column":3}},"3":{"start":{"line":5,"column":4},"end":{"line":5,"column":24}},"4":{"start":{"line":7,"column":4},"end":{"line":9,"column":6}},"5":{"start":{"line":8,"column":8},"end":{"line":8,"column":24}},"6":{"start":{"line":11,"column":4},"end":{"line":22,"column":6}},"7":{"start":{"line":12,"column":8},"end":{"line":21,"column":11}},"8":{"start":{"line":14,"column":16},"end":{"line":14,"column":62}},"9":{"start":{"line":15,"column":16},"end":{"line":15,"column":41}},"10":{"start":{"line":16,"column":16},"end":{"line":16,"column":43}},"11":{"start":{"line":17,"column":16},"end":{"line":17,"column":54}},"12":{"start":{"line":18,"column":16},"end":{"line":18,"column":35}},"13":{"start":{"line":19,"column":16},"end":{"line":19,"column":64}}},"branchMap":{},"l":{"2":1,"4":1,"5":1,"7":1,"8":0,"11":1,"12":0,"14":0,"15":0,"16":0,"17":0,"18":0,"19":0}},
"./public_html/javascript/Services/PdfCreateService.js":{"path":"./public_html/javascript/Services/PdfCreateService.js","s":{"1":1,"2":1,"3":1,"4":0,"5":0,"6":0,"7":0,"8":0,"9":0},"b":{"1":[0,0]},"f":{"1":1,"2":0},"fnMap":{"1":{"name":"(anonymous_1)","line":4,"loc":{"start":{"line":4,"column":31},"end":{"line":4,"column":41}}},"2":{"name":"(anonymous_2)","line":6,"loc":{"start":{"line":6,"column":19},"end":{"line":6,"column":66}}}},"statementMap":{"1":{"start":{"line":2,"column":0},"end":{"line":2,"column":48}},"2":{"start":{"line":4,"column":0},"end":{"line":15,"column":3}},"3":{"start":{"line":6,"column":4},"end":{"line":14,"column":6}},"4":{"start":{"line":7,"column":8},"end":{"line":13,"column":9}},"5":{"start":{"line":8,"column":12},"end":{"line":8,"column":34}},"6":{"start":{"line":9,"column":12},"end":{"line":9,"column":49}},"7":{"start":{"line":10,"column":12},"end":{"line":10,"column":51}},"8":{"start":{"line":11,"column":12},"end":{"line":11,"column":60}},"9":{"start":{"line":12,"column":12},"end":{"line":12,"column":33}}},"branchMap":{"1":{"line":7,"type":"if","locations":[{"start":{"line":7,"column":8},"end":{"line":7,"column":8}},{"start":{"line":7,"column":8},"end":{"line":7,"column":8}}]}},"l":{"2":1,"4":1,"6":1,"7":0,"8":0,"9":0,"10":0,"11":0,"12":0}},
"./public_html/javascript/Services/ReadFileService.js":{"path":"./public_html/javascript/Services/ReadFileService.js","s":{"1":1,"2":1,"3":0,"4":0,"5":0,"6":0,"7":0,"8":0,"9":0,"10":0,"11":0,"12":0,"13":0,"14":0,"15":0,"16":0,"17":0,"18":0,"19":0,"20":0,"21":0,"22":0,"23":0,"24":0},"b":{"1":[0,0]},"f":{"1":0,"2":0,"3":0,"4":0,"5":0},"fnMap":{"1":{"name":"(anonymous_1)","line":3,"loc":{"start":{"line":3,"column":31},"end":{"line":3,"column":86}}},"2":{"name":"(anonymous_2)","line":5,"loc":{"start":{"line":5,"column":34},"end":{"line":5,"column":53}}},"3":{"name":"(anonymous_3)","line":6,"loc":{"start":{"line":6,"column":33},"end":{"line":6,"column":50}}},"4":{"name":"(anonymous_4)","line":11,"loc":{"start":{"line":11,"column":11},"end":{"line":11,"column":28}}},"5":{"name":"(anonymous_5)","line":16,"loc":{"start":{"line":16,"column":43},"end":{"line":16,"column":59}}}},"statementMap":{"1":{"start":{"line":1,"column":0},"end":{"line":1,"column":84}},"2":{"start":{"line":3,"column":0},"end":{"line":36,"column":3}},"3":{"start":{"line":5,"column":4},"end":{"line":14,"column":6}},"4":{"start":{"line":6,"column":8},"end":{"line":13,"column":11}},"5":{"start":{"line":7,"column":12},"end":{"line":10,"column":13}},"6":{"start":{"line":8,"column":16},"end":{"line":8,"column":55}},"7":{"start":{"line":9,"column":16},"end":{"line":9,"column":54}},"8":{"start":{"line":12,"column":12},"end":{"line":12,"column":74}},"9":{"start":{"line":16,"column":4},"end":{"line":34,"column":6}},"10":{"start":{"line":17,"column":8},"end":{"line":17,"column":44}},"11":{"start":{"line":18,"column":8},"end":{"line":18,"column":40}},"12":{"start":{"line":19,"column":8},"end":{"line":19,"column":48}},"13":{"start":{"line":20,"column":8},"end":{"line":20,"column":92}},"14":{"start":{"line":21,"column":8},"end":{"line":25,"column":9}},"15":{"start":{"line":22,"column":12},"end":{"line":22,"column":54}},"16":{"start":{"line":23,"column":12},"end":{"line":23,"column":127}},"17":{"start":{"line":24,"column":12},"end":{"line":24,"column":160}},"18":{"start":{"line":26,"column":8},"end":{"line":33,"column":9}},"19":{"start":{"line":27,"column":12},"end":{"line":27,"column":49}},"20":{"start":{"line":28,"column":12},"end":{"line":28,"column":83}},"21":{"start":{"line":29,"column":12},"end":{"line":29,"column":74}},"22":{"start":{"line":30,"column":12},"end":{"line":30,"column":74}},"23":{"start":{"line":31,"column":12},"end":{"line":31,"column":43}},"24":{"start":{"line":32,"column":12},"end":{"line":32,"column":89}}},"branchMap":{"1":{"line":23,"type":"cond-expr","locations":[{"start":{"line":23,"column":89},"end":{"line":23,"column":119}},{"start":{"line":23,"column":122},"end":{"line":23,"column":126}}]}},"l":{"1":1,"3":1,"5":0,"6":0,"7":0,"8":0,"9":0,"12":0,"16":0,"17":0,"18":0,"19":0,"20":0,"21":0,"22":0,"23":0,"24":0,"26":0,"27":0,"28":0,"29":0,"30":0,"31":0,"32":0}},
"./public_html/javascript/Services/RuleCheckerService.js":{"path":"./public_html/javascript/Services/RuleCheckerService.js","s":{"1":1,"2":1,"3":31,"4":31,"5":28,"6":31,"7":31,"8":37,"9":31,"10":19,"11":31,"12":20,"13":18,"14":8,"15":12,"16":31,"17":1,"18":1,"19":1,"20":1,"21":31,"22":2,"23":2,"24":2,"25":1,"26":31,"27":28,"28":3,"29":3,"30":5,"31":5,"32":4,"33":4,"34":4,"35":4,"36":4,"37":4,"38":3,"39":3,"40":5,"41":5,"42":1,"43":90,"44":90,"45":90,"46":31,"47":31,"48":1,"49":8,"50":8,"51":31,"52":31,"53":1,"54":12,"55":12,"56":31,"57":3,"58":3,"59":5,"60":5,"61":3,"62":3,"63":3,"64":31,"65":5,"66":5,"67":7,"68":7,"69":5,"70":31,"71":4,"72":4,"73":7,"74":7,"75":7,"76":4,"77":31,"78":4,"79":4,"80":7,"81":7,"82":7,"83":4,"84":4,"85":31,"86":4,"87":4,"88":7,"89":7,"90":7,"91":4,"92":31,"93":3,"94":3,"95":5,"96":5,"97":5,"98":3,"99":3,"100":3,"101":31,"102":5,"103":5,"104":8,"105":8,"106":8,"107":5,"108":31,"109":28,"110":28,"111":27,"112":27,"113":27,"114":12,"115":12,"116":27,"117":27,"118":1,"119":1,"120":31,"121":6,"122":6,"123":6,"124":6,"125":31,"126":1,"127":1},"b":{"1":[8,10],"2":[1,1],"3":[3,5,4,4,4,3,5],"4":[3,0],"5":[4,0],"6":[3,0],"7":[27,1],"8":[12,15],"9":[6,0]},"f":{"1":31,"2":28,"3":37,"4":19,"5":20,"6":1,"7":2,"8":28,"9":90,"10":8,"11":12,"12":3,"13":5,"14":5,"15":7,"16":4,"17":7,"18":4,"19":7,"20":4,"21":7,"22":3,"23":5,"24":5,"25":8,"26":28,"27":6,"28":1},"fnMap":{"1":{"name":"(anonymous_1)","line":6,"loc":{"start":{"line":6,"column":33},"end":{"line":6,"column":75}}},"2":{"name":"(anonymous_2)","line":17,"loc":{"start":{"line":17,"column":29},"end":{"line":17,"column":40}}},"3":{"name":"(anonymous_3)","line":23,"loc":{"start":{"line":23,"column":23},"end":{"line":23,"column":33}}},"4":{"name":"(anonymous_4)","line":27,"loc":{"start":{"line":27,"column":22},"end":{"line":27,"column":33}}},"5":{"name":"(anonymous_5)","line":31,"loc":{"start":{"line":31,"column":21},"end":{"line":31,"column":49}}},"6":{"name":"(anonymous_6)","line":40,"loc":{"start":{"line":40,"column":44},"end":{"line":40,"column":85}}},"7":{"name":"(anonymous_7)","line":47,"loc":{"start":{"line":47,"column":64},"end":{"line":47,"column":94}}},"8":{"name":"(anonymous_8)","line":56,"loc":{"start":{"line":56,"column":22},"end":{"line":56,"column":69}}},"9":{"name":"Rule","line":82,"loc":{"start":{"line":82,"column":4},"end":{"line":82,"column":49}}},"10":{"name":"PositionRule","line":90,"loc":{"start":{"line":90,"column":4},"end":{"line":90,"column":67}}},"11":{"name":"BeforeRule","line":97,"loc":{"start":{"line":97,"column":4},"end":{"line":97,"column":67}}},"12":{"name":"(anonymous_12)","line":102,"loc":{"start":{"line":102,"column":28},"end":{"line":102,"column":59}}},"13":{"name":"(anonymous_13)","line":104,"loc":{"start":{"line":104,"column":32},"end":{"line":104,"column":60}}},"14":{"name":"(anonymous_14)","line":114,"loc":{"start":{"line":114,"column":31},"end":{"line":114,"column":62}}},"15":{"name":"(anonymous_15)","line":116,"loc":{"start":{"line":116,"column":35},"end":{"line":116,"column":63}}},"16":{"name":"(anonymous_16)","line":123,"loc":{"start":{"line":123,"column":25},"end":{"line":123,"column":57}}},"17":{"name":"(anonymous_17)","line":125,"loc":{"start":{"line":125,"column":29},"end":{"line":125,"column":56}}},"18":{"name":"(anonymous_18)","line":133,"loc":{"start":{"line":133,"column":35},"end":{"line":133,"column":67}}},"19":{"name":"(anonymous_19)","line":135,"loc":{"start":{"line":135,"column":39},"end":{"line":135,"column":67}}},"20":{"name":"(anonymous_20)","line":145,"loc":{"start":{"line":145,"column":36},"end":{"line":145,"column":69}}},"21":{"name":"(anonymous_21)","line":147,"loc":{"start":{"line":147,"column":40},"end":{"line":147,"column":68}}},"22":{"name":"(anonymous_22)","line":155,"loc":{"start":{"line":155,"column":26},"end":{"line":155,"column":46}}},"23":{"name":"(anonymous_23)","line":157,"loc":{"start":{"line":157,"column":30},"end":{"line":157,"column":57}}},"24":{"name":"(anonymous_24)","line":168,"loc":{"start":{"line":168,"column":27},"end":{"line":168,"column":47}}},"25":{"name":"(anonymous_25)","line":170,"loc":{"start":{"line":170,"column":31},"end":{"line":170,"column":58}}},"26":{"name":"(anonymous_26)","line":178,"loc":{"start":{"line":178,"column":29},"end":{"line":178,"column":68}}},"27":{"name":"(anonymous_27)","line":195,"loc":{"start":{"line":195,"column":30},"end":{"line":195,"column":50}}},"28":{"name":"(anonymous_28)","line":203,"loc":{"start":{"line":203,"column":22},"end":{"line":203,"column":32}}}},"statementMap":{"1":{"start":{"line":3,"column":0},"end":{"line":3,"column":87}},"2":{"start":{"line":6,"column":0},"end":{"line":208,"column":3}},"3":{"start":{"line":8,"column":4},"end":{"line":15,"column":6}},"4":{"start":{"line":17,"column":4},"end":{"line":19,"column":6}},"5":{"start":{"line":18,"column":8},"end":{"line":18,"column":30}},"6":{"start":{"line":21,"column":4},"end":{"line":21,"column":27}},"7":{"start":{"line":23,"column":4},"end":{"line":25,"column":6}},"8":{"start":{"line":24,"column":8},"end":{"line":24,"column":24}},"9":{"start":{"line":27,"column":4},"end":{"line":29,"column":6}},"10":{"start":{"line":28,"column":8},"end":{"line":28,"column":68}},"11":{"start":{"line":31,"column":4},"end":{"line":38,"column":6}},"12":{"start":{"line":32,"column":8},"end":{"line":36,"column":9}},"13":{"start":{"line":33,"column":12},"end":{"line":35,"column":13}},"14":{"start":{"line":34,"column":16},"end":{"line":34,"column":29}},"15":{"start":{"line":37,"column":8},"end":{"line":37,"column":20}},"16":{"start":{"line":40,"column":4},"end":{"line":45,"column":6}},"17":{"start":{"line":41,"column":8},"end":{"line":41,"column":80}},"18":{"start":{"line":42,"column":8},"end":{"line":42,"column":77}},"19":{"start":{"line":43,"column":8},"end":{"line":43,"column":102}},"20":{"start":{"line":44,"column":8},"end":{"line":44,"column":56}},"21":{"start":{"line":47,"column":4},"end":{"line":54,"column":6}},"22":{"start":{"line":48,"column":8},"end":{"line":48,"column":59}},"23":{"start":{"line":49,"column":8},"end":{"line":53,"column":9}},"24":{"start":{"line":50,"column":12},"end":{"line":52,"column":13}},"25":{"start":{"line":51,"column":16},"end":{"line":51,"column":93}},"26":{"start":{"line":56,"column":4},"end":{"line":80,"column":6}},"27":{"start":{"line":57,"column":8},"end":{"line":79,"column":9}},"28":{"start":{"line":59,"column":16},"end":{"line":59,"column":54}},"29":{"start":{"line":60,"column":16},"end":{"line":60,"column":22}},"30":{"start":{"line":62,"column":16},"end":{"line":62,"column":57}},"31":{"start":{"line":63,"column":16},"end":{"line":63,"column":22}},"32":{"start":{"line":65,"column":16},"end":{"line":65,"column":55}},"33":{"start":{"line":66,"column":16},"end":{"line":66,"column":22}},"34":{"start":{"line":68,"column":16},"end":{"line":68,"column":65}},"35":{"start":{"line":69,"column":16},"end":{"line":69,"column":22}},"36":{"start":{"line":71,"column":16},"end":{"line":71,"column":66}},"37":{"start":{"line":72,"column":16},"end":{"line":72,"column":22}},"38":{"start":{"line":74,"column":16},"end":{"line":74,"column":44}},"39":{"start":{"line":75,"column":16},"end":{"line":75,"column":22}},"40":{"start":{"line":77,"column":16},"end":{"line":77,"column":45}},"41":{"start":{"line":78,"column":16},"end":{"line":78,"column":22}},"42":{"start":{"line":82,"column":4},"end":{"line":86,"column":5}},"43":{"start":{"line":83,"column":8},"end":{"line":83,"column":25}},"44":{"start":{"line":84,"column":8},"end":{"line":84,"column":39}},"45":{"start":{"line":85,"column":8},"end":{"line":85,"column":37}},"46":{"start":{"line":88,"column":4},"end":{"line":88,"column":40}},"47":{"start":{"line":89,"column":4},"end":{"line":89,"column":54}},"48":{"start":{"line":90,"column":4},"end":{"line":93,"column":5}},"49":{"start":{"line":91,"column":8},"end":{"line":91,"column":55}},"50":{"start":{"line":92,"column":8},"end":{"line":92,"column":33}},"51":{"start":{"line":95,"column":4},"end":{"line":95,"column":38}},"52":{"start":{"line":96,"column":4},"end":{"line":96,"column":50}},"53":{"start":{"line":97,"column":4},"end":{"line":100,"column":5}},"54":{"start":{"line":98,"column":8},"end":{"line":98,"column":55}},"55":{"start":{"line":99,"column":8},"end":{"line":99,"column":37}},"56":{"start":{"line":102,"column":4},"end":{"line":112,"column":6}},"57":{"start":{"line":103,"column":8},"end":{"line":103,"column":138}},"58":{"start":{"line":104,"column":8},"end":{"line":107,"column":10}},"59":{"start":{"line":105,"column":12},"end":{"line":105,"column":90}},"60":{"start":{"line":106,"column":12},"end":{"line":106,"column":55}},"61":{"start":{"line":108,"column":8},"end":{"line":111,"column":9}},"62":{"start":{"line":109,"column":12},"end":{"line":109,"column":51}},"63":{"start":{"line":110,"column":12},"end":{"line":110,"column":44}},"64":{"start":{"line":114,"column":4},"end":{"line":121,"column":6}},"65":{"start":{"line":115,"column":8},"end":{"line":115,"column":147}},"66":{"start":{"line":116,"column":8},"end":{"line":119,"column":10}},"67":{"start":{"line":117,"column":12},"end":{"line":117,"column":90}},"68":{"start":{"line":118,"column":12},"end":{"line":118,"column":55}},"69":{"start":{"line":120,"column":8},"end":{"line":120,"column":55}},"70":{"start":{"line":123,"column":4},"end":{"line":131,"column":6}},"71":{"start":{"line":124,"column":8},"end":{"line":124,"column":129}},"72":{"start":{"line":125,"column":8},"end":{"line":129,"column":10}},"73":{"start":{"line":126,"column":12},"end":{"line":126,"column":90}},"74":{"start":{"line":127,"column":12},"end":{"line":127,"column":90}},"75":{"start":{"line":128,"column":12},"end":{"line":128,"column":57}},"76":{"start":{"line":130,"column":8},"end":{"line":130,"column":61}},"77":{"start":{"line":133,"column":4},"end":{"line":143,"column":6}},"78":{"start":{"line":134,"column":8},"end":{"line":134,"column":159}},"79":{"start":{"line":135,"column":8},"end":{"line":139,"column":10}},"80":{"start":{"line":136,"column":12},"end":{"line":136,"column":90}},"81":{"start":{"line":137,"column":12},"end":{"line":137,"column":90}},"82":{"start":{"line":138,"column":12},"end":{"line":138,"column":63}},"83":{"start":{"line":140,"column":8},"end":{"line":142,"column":9}},"84":{"start":{"line":141,"column":8},"end":{"line":141,"column":71}},"85":{"start":{"line":145,"column":4},"end":{"line":153,"column":6}},"86":{"start":{"line":146,"column":8},"end":{"line":146,"column":162}},"87":{"start":{"line":147,"column":8},"end":{"line":151,"column":10}},"88":{"start":{"line":148,"column":12},"end":{"line":148,"column":90}},"89":{"start":{"line":149,"column":12},"end":{"line":149,"column":90}},"90":{"start":{"line":150,"column":12},"end":{"line":150,"column":63}},"91":{"start":{"line":152,"column":8},"end":{"line":152,"column":72}},"92":{"start":{"line":155,"column":4},"end":{"line":166,"column":6}},"93":{"start":{"line":156,"column":8},"end":{"line":156,"column":114}},"94":{"start":{"line":157,"column":8},"end":{"line":161,"column":10}},"95":{"start":{"line":158,"column":12},"end":{"line":158,"column":90}},"96":{"start":{"line":159,"column":12},"end":{"line":159,"column":66}},"97":{"start":{"line":160,"column":12},"end":{"line":160,"column":62}},"98":{"start":{"line":162,"column":8},"end":{"line":165,"column":9}},"99":{"start":{"line":163,"column":12},"end":{"line":163,"column":51}},"100":{"start":{"line":164,"column":12},"end":{"line":164,"column":44}},"101":{"start":{"line":168,"column":4},"end":{"line":176,"column":6}},"102":{"start":{"line":169,"column":8},"end":{"line":169,"column":117}},"103":{"start":{"line":170,"column":8},"end":{"line":174,"column":10}},"104":{"start":{"line":171,"column":12},"end":{"line":171,"column":90}},"105":{"start":{"line":172,"column":12},"end":{"line":172,"column":66}},"106":{"start":{"line":173,"column":12},"end":{"line":173,"column":62}},"107":{"start":{"line":175,"column":8},"end":{"line":175,"column":51}},"108":{"start":{"line":178,"column":4},"end":{"line":193,"column":6}},"109":{"start":{"line":179,"column":8},"end":{"line":179,"column":80}},"110":{"start":{"line":180,"column":8},"end":{"line":191,"column":9}},"111":{"start":{"line":181,"column":12},"end":{"line":181,"column":54}},"112":{"start":{"line":182,"column":12},"end":{"line":182,"column":61}},"113":{"start":{"line":183,"column":12},"end":{"line":186,"column":13}},"114":{"start":{"line":184,"column":16},"end":{"line":184,"column":58}},"115":{"start":{"line":185,"column":16},"end":{"line":185,"column":65}},"116":{"start":{"line":187,"column":12},"end":{"line":187,"column":32}},"117":{"start":{"line":188,"column":12},"end":{"line":188,"column":24}},"118":{"start":{"line":190,"column":12},"end":{"line":190,"column":110}},"119":{"start":{"line":192,"column":8},"end":{"line":192,"column":21}},"120":{"start":{"line":195,"column":4},"end":{"line":201,"column":5}},"121":{"start":{"line":196,"column":8},"end":{"line":196,"column":82}},"122":{"start":{"line":197,"column":8},"end":{"line":200,"column":9}},"123":{"start":{"line":198,"column":12},"end":{"line":198,"column":66}},"124":{"start":{"line":199,"column":12},"end":{"line":199,"column":46}},"125":{"start":{"line":203,"column":4},"end":{"line":207,"column":6}},"126":{"start":{"line":204,"column":8},"end":{"line":206,"column":9}},"127":{"start":{"line":205,"column":12},"end":{"line":205,"column":27}}},"branchMap":{"1":{"line":33,"type":"if","locations":[{"start":{"line":33,"column":12},"end":{"line":33,"column":12}},{"start":{"line":33,"column":12},"end":{"line":33,"column":12}}]},"2":{"line":50,"type":"if","locations":[{"start":{"line":50,"column":12},"end":{"line":50,"column":12}},{"start":{"line":50,"column":12},"end":{"line":50,"column":12}}]},"3":{"line":57,"type":"switch","locations":[{"start":{"line":58,"column":12},"end":{"line":60,"column":22}},{"start":{"line":61,"column":12},"end":{"line":63,"column":22}},{"start":{"line":64,"column":12},"end":{"line":66,"column":22}},{"start":{"line":67,"column":12},"end":{"line":69,"column":22}},{"start":{"line":70,"column":12},"end":{"line":72,"column":22}},{"start":{"line":73,"column":12},"end":{"line":75,"column":22}},{"start":{"line":76,"column":12},"end":{"line":78,"column":22}}]},"4":{"line":108,"type":"if","locations":[{"start":{"line":108,"column":8},"end":{"line":108,"column":8}},{"start":{"line":108,"column":8},"end":{"line":108,"column":8}}]},"5":{"line":140,"type":"if","locations":[{"start":{"line":140,"column":8},"end":{"line":140,"column":8}},{"start":{"line":140,"column":8},"end":{"line":140,"column":8}}]},"6":{"line":162,"type":"if","locations":[{"start":{"line":162,"column":8},"end":{"line":162,"column":8}},{"start":{"line":162,"column":8},"end":{"line":162,"column":8}}]},"7":{"line":180,"type":"if","locations":[{"start":{"line":180,"column":8},"end":{"line":180,"column":8}},{"start":{"line":180,"column":8},"end":{"line":180,"column":8}}]},"8":{"line":183,"type":"if","locations":[{"start":{"line":183,"column":12},"end":{"line":183,"column":12}},{"start":{"line":183,"column":12},"end":{"line":183,"column":12}}]},"9":{"line":197,"type":"if","locations":[{"start":{"line":197,"column":8},"end":{"line":197,"column":8}},{"start":{"line":197,"column":8},"end":{"line":197,"column":8}}]}},"l":{"3":1,"6":1,"8":31,"17":31,"18":28,"21":31,"23":31,"24":37,"27":31,"28":19,"31":31,"32":20,"33":18,"34":8,"37":12,"40":31,"41":1,"42":1,"43":1,"44":1,"47":31,"48":2,"49":2,"50":2,"51":1,"56":31,"57":28,"59":3,"60":3,"62":5,"63":5,"65":4,"66":4,"68":4,"69":4,"71":4,"72":4,"74":3,"75":3,"77":5,"78":5,"82":1,"83":90,"84":90,"85":90,"88":31,"89":31,"90":1,"91":8,"92":8,"95":31,"96":31,"97":1,"98":12,"99":12,"102":31,"103":3,"104":3,"105":5,"106":5,"108":3,"109":3,"110":3,"114":31,"115":5,"116":5,"117":7,"118":7,"120":5,"123":31,"124":4,"125":4,"126":7,"127":7,"128":7,"130":4,"133":31,"134":4,"135":4,"136":7,"137":7,"138":7,"140":4,"141":4,"145":31,"146":4,"147":4,"148":7,"149":7,"150":7,"152":4,"155":31,"156":3,"157":3,"158":5,"159":5,"160":5,"162":3,"163":3,"164":3,"168":31,"169":5,"170":5,"171":8,"172":8,"173":8,"175":5,"178":31,"179":28,"180":28,"181":27,"182":27,"183":27,"184":12,"185":12,"187":27,"188":27,"190":1,"192":1,"195":31,"196":6,"197":6,"198":6,"199":6,"203":31,"204":1,"205":1}},
"./public_html/javascript/Services/StringService.js":{"path":"./public_html/javascript/Services/StringService.js","s":{"1":1,"2":1,"3":43,"4":43,"5":569,"6":1,"7":0,"8":0},"b":{},"f":{"1":43,"2":569,"3":0,"4":0},"fnMap":{"1":{"name":"(anonymous_1)","line":3,"loc":{"start":{"line":3,"column":29},"end":{"line":3,"column":40}}},"2":{"name":"(anonymous_2)","line":60,"loc":{"start":{"line":60,"column":30},"end":{"line":60,"column":54}}},"3":{"name":"(anonymous_3)","line":65,"loc":{"start":{"line":65,"column":36},"end":{"line":65,"column":60}}},"4":{"name":"(anonymous_4)","line":66,"loc":{"start":{"line":66,"column":31},"end":{"line":66,"column":55}}}},"statementMap":{"1":{"start":{"line":1,"column":0},"end":{"line":1,"column":45}},"2":{"start":{"line":3,"column":0},"end":{"line":63,"column":4}},"3":{"start":{"line":4,"column":5},"end":{"line":58,"column":59}},"4":{"start":{"line":60,"column":4},"end":{"line":62,"column":6}},"5":{"start":{"line":61,"column":8},"end":{"line":61,"column":54}},"6":{"start":{"line":65,"column":1},"end":{"line":70,"column":3}},"7":{"start":{"line":66,"column":5},"end":{"line":68,"column":7}},"8":{"start":{"line":67,"column":9},"end":{"line":67,"column":64}}},"branchMap":{},"l":{"1":1,"3":1,"4":43,"60":43,"61":569,"65":1,"66":0,"67":0}},
"./public_html/javascript/Services/SymbolService.js":{"path":"./public_html/javascript/Services/SymbolService.js","s":{"1":1,"2":1,"3":2,"4":2,"5":2},"b":{},"f":{"1":2,"2":2},"fnMap":{"1":{"name":"(anonymous_1)","line":4,"loc":{"start":{"line":4,"column":28},"end":{"line":4,"column":38}}},"2":{"name":"(anonymous_2)","line":13,"loc":{"start":{"line":13,"column":21},"end":{"line":13,"column":31}}}},"statementMap":{"1":{"start":{"line":2,"column":0},"end":{"line":2,"column":45}},"2":{"start":{"line":4,"column":0},"end":{"line":16,"column":3}},"3":{"start":{"line":5,"column":4},"end":{"line":12,"column":58}},"4":{"start":{"line":13,"column":4},"end":{"line":15,"column":6}},"5":{"start":{"line":14,"column":8},"end":{"line":14,"column":22}}},"branchMap":{},"l":{"2":1,"4":1,"5":2,"13":2,"14":2}},
"./public_html/javascript/exampleTest.js":{"path":"./public_html/javascript/exampleTest.js","s":{"1":1,"2":1,"3":1},"b":{},"f":{"1":1},"fnMap":{"1":{"name":"(anonymous_1)","line":3,"loc":{"start":{"line":3,"column":32},"end":{"line":3,"column":42}}}},"statementMap":{"1":{"start":{"line":1,"column":0},"end":{"line":1,"column":36}},"2":{"start":{"line":3,"column":0},"end":{"line":5,"column":3}},"3":{"start":{"line":4,"column":4},"end":{"line":4,"column":23}}},"branchMap":{},"l":{"1":1,"3":1,"4":1}}}
